{"C:\\Disk.D\\projectForFun\\Bootcamp_2026\\New_repo_mono_low\\low-analysis\\backend\\src\\app.js": {"path":"C:\\Disk.D\\projectForFun\\Bootcamp_2026\\New_repo_mono_low\\low-analysis\\backend\\src\\app.js","statementMap":{"0":{"start":{"line":15,"column":0},"end":{"line":15,"column":null}},"1":{"start":{"line":17,"column":32},"end":{"line":22,"column":1}},"2":{"start":{"line":24,"column":21},"end":{"line":28,"column":20}},"3":{"start":{"line":25,"column":2},"end":{"line":28,"column":20}},"4":{"start":{"line":27,"column":21},"end":{"line":27,"column":34}},"5":{"start":{"line":30,"column":26},"end":{"line":32,"column":6}},"6":{"start":{"line":34,"column":23},"end":{"line":36,"column":1}},"7":{"start":{"line":38,"column":20},"end":{"line":48,"column":1}},"8":{"start":{"line":40,"column":4},"end":{"line":43,"column":null}},"9":{"start":{"line":41,"column":6},"end":{"line":41,"column":null}},"10":{"start":{"line":42,"column":6},"end":{"line":42,"column":null}},"11":{"start":{"line":45,"column":4},"end":{"line":45,"column":null}},"12":{"start":{"line":50,"column":12},"end":{"line":50,"column":41}},"13":{"start":{"line":51,"column":11},"end":{"line":51,"column":21}},"14":{"start":{"line":53,"column":0},"end":{"line":53,"column":null}},"15":{"start":{"line":54,"column":0},"end":{"line":54,"column":null}},"16":{"start":{"line":56,"column":0},"end":{"line":58,"column":null}},"17":{"start":{"line":57,"column":2},"end":{"line":57,"column":null}},"18":{"start":{"line":59,"column":0},"end":{"line":67,"column":null}},"19":{"start":{"line":69,"column":0},"end":{"line":69,"column":null}},"20":{"start":{"line":70,"column":0},"end":{"line":70,"column":null}},"21":{"start":{"line":72,"column":0},"end":{"line":74,"column":null}},"22":{"start":{"line":73,"column":2},"end":{"line":73,"column":null}},"23":{"start":{"line":76,"column":0},"end":{"line":76,"column":null}}},"fnMap":{"0":{"name":"(anonymous_0)","decl":{"start":{"line":24,"column":21},"end":{"line":24,"column":22}},"loc":{"start":{"line":25,"column":2},"end":{"line":28,"column":20}},"line":25},"1":{"name":"(anonymous_1)","decl":{"start":{"line":27,"column":9},"end":{"line":27,"column":10}},"loc":{"start":{"line":27,"column":21},"end":{"line":27,"column":34}},"line":27},"2":{"name":"(anonymous_2)","decl":{"start":{"line":39,"column":2},"end":{"line":39,"column":8}},"loc":{"start":{"line":39,"column":27},"end":{"line":46,"column":3}},"line":39},"3":{"name":"(anonymous_3)","decl":{"start":{"line":56,"column":26},"end":{"line":56,"column":27}},"loc":{"start":{"line":56,"column":40},"end":{"line":58,"column":1}},"line":56},"4":{"name":"(anonymous_4)","decl":{"start":{"line":72,"column":13},"end":{"line":72,"column":14}},"loc":{"start":{"line":72,"column":27},"end":{"line":74,"column":1}},"line":72}},"branchMap":{"0":{"loc":{"start":{"line":30,"column":26},"end":{"line":32,"column":6}},"type":"cond-expr","locations":[{"start":{"line":31,"column":4},"end":{"line":31,"column":null}},{"start":{"line":32,"column":4},"end":{"line":32,"column":6}}],"line":30},"1":{"loc":{"start":{"line":40,"column":4},"end":{"line":43,"column":null}},"type":"if","locations":[{"start":{"line":40,"column":4},"end":{"line":43,"column":null}},{"start":{},"end":{}}],"line":40},"2":{"loc":{"start":{"line":40,"column":8},"end":{"line":40,"column":50}},"type":"binary-expr","locations":[{"start":{"line":40,"column":8},"end":{"line":40,"column":15}},{"start":{"line":40,"column":19},"end":{"line":40,"column":50}}],"line":40}},"s":{"0":3,"1":3,"2":3,"3":3,"4":6,"5":3,"6":3,"7":3,"8":13,"9":13,"10":13,"11":0,"12":3,"13":3,"14":3,"15":3,"16":3,"17":0,"18":3,"19":3,"20":3,"21":3,"22":1,"23":3},"f":{"0":3,"1":6,"2":13,"3":0,"4":1},"b":{"0":[3,0],"1":[13,0],"2":[13,0]},"meta":{"lastBranch":3,"lastFunction":5,"lastStatement":24,"seen":{"s:15:0:15:Infinity":0,"s:17:32:22:1":1,"s:24:21:28:20":2,"f:24:21:24:22":0,"s:25:2:28:20":3,"f:27:9:27:10":1,"s:27:21:27:34":4,"s:30:26:32:6":5,"b:31:4:31:Infinity:32:4:32:6":0,"s:34:23:36:1":6,"s:38:20:48:1":7,"f:39:2:39:8":2,"b:40:4:43:Infinity:undefined:undefined:undefined:undefined":1,"s:40:4:43:Infinity":8,"b:40:8:40:15:40:19:40:50":2,"s:41:6:41:Infinity":9,"s:42:6:42:Infinity":10,"s:45:4:45:Infinity":11,"s:50:12:50:41":12,"s:51:11:51:21":13,"s:53:0:53:Infinity":14,"s:54:0:54:Infinity":15,"s:56:0:58:Infinity":16,"f:56:26:56:27":3,"s:57:2:57:Infinity":17,"s:59:0:67:Infinity":18,"s:69:0:69:Infinity":19,"s:70:0:70:Infinity":20,"s:72:0:74:Infinity":21,"f:72:13:72:14":4,"s:73:2:73:Infinity":22,"s:76:0:76:Infinity":23}}}
,"C:\\Disk.D\\projectForFun\\Bootcamp_2026\\New_repo_mono_low\\low-analysis\\backend\\src\\config\\llm.js": {"path":"C:\\Disk.D\\projectForFun\\Bootcamp_2026\\New_repo_mono_low\\low-analysis\\backend\\src\\config\\llm.js","statementMap":{"0":{"start":{"line":7,"column":26},"end":{"line":19,"column":1}},"1":{"start":{"line":9,"column":4},"end":{"line":9,"column":null}},"2":{"start":{"line":12,"column":4},"end":{"line":12,"column":null}},"3":{"start":{"line":15,"column":4},"end":{"line":15,"column":null}}},"fnMap":{"0":{"name":"(anonymous_0)","decl":{"start":{"line":8,"column":6},"end":{"line":8,"column":14}},"loc":{"start":{"line":8,"column":17},"end":{"line":10,"column":3}},"line":8},"1":{"name":"(anonymous_1)","decl":{"start":{"line":11,"column":6},"end":{"line":11,"column":12}},"loc":{"start":{"line":11,"column":15},"end":{"line":13,"column":3}},"line":11},"2":{"name":"(anonymous_2)","decl":{"start":{"line":14,"column":6},"end":{"line":14,"column":11}},"loc":{"start":{"line":14,"column":14},"end":{"line":16,"column":3}},"line":14}},"branchMap":{"0":{"loc":{"start":{"line":9,"column":11},"end":{"line":9,"column":47}},"type":"binary-expr","locations":[{"start":{"line":9,"column":11},"end":{"line":9,"column":35}},{"start":{"line":9,"column":39},"end":{"line":9,"column":47}}],"line":9},"1":{"loc":{"start":{"line":15,"column":11},"end":{"line":15,"column":54}},"type":"binary-expr","locations":[{"start":{"line":15,"column":11},"end":{"line":15,"column":32}},{"start":{"line":15,"column":36},"end":{"line":15,"column":54}}],"line":15}},"s":{"0":3,"1":0,"2":0,"3":0},"f":{"0":0,"1":0,"2":0},"b":{"0":[0,0],"1":[0,0]},"meta":{"lastBranch":2,"lastFunction":3,"lastStatement":4,"seen":{"s:7:26:19:1":0,"f:8:6:8:14":0,"s:9:4:9:Infinity":1,"b:9:11:9:35:9:39:9:47":0,"f:11:6:11:12":1,"s:12:4:12:Infinity":2,"f:14:6:14:11":2,"s:15:4:15:Infinity":3,"b:15:11:15:32:15:36:15:54":1}}}
,"C:\\Disk.D\\projectForFun\\Bootcamp_2026\\New_repo_mono_low\\low-analysis\\backend\\src\\controllers\\lawController.js": {"path":"C:\\Disk.D\\projectForFun\\Bootcamp_2026\\New_repo_mono_low\\low-analysis\\backend\\src\\controllers\\lawController.js","statementMap":{"0":{"start":{"line":6,"column":26},"end":{"line":14,"column":1}},"1":{"start":{"line":7,"column":2},"end":{"line":13,"column":3}},"2":{"start":{"line":8,"column":14},"end":{"line":8,"column":71}},"3":{"start":{"line":9,"column":17},"end":{"line":9,"column":47}},"4":{"start":{"line":10,"column":4},"end":{"line":10,"column":19}},"5":{"start":{"line":12,"column":4},"end":{"line":12,"column":16}},"6":{"start":{"line":16,"column":26},"end":{"line":27,"column":1}},"7":{"start":{"line":17,"column":2},"end":{"line":26,"column":3}},"8":{"start":{"line":18,"column":19},"end":{"line":18,"column":29}},"9":{"start":{"line":19,"column":16},"end":{"line":19,"column":47}},"10":{"start":{"line":20,"column":4},"end":{"line":20,"column":72}},"11":{"start":{"line":20,"column":14},"end":{"line":20,"column":72}},"12":{"start":{"line":22,"column":21},"end":{"line":22,"column":52}},"13":{"start":{"line":23,"column":4},"end":{"line":23,"column":32}},"14":{"start":{"line":25,"column":4},"end":{"line":25,"column":16}},"15":{"start":{"line":29,"column":27},"end":{"line":40,"column":1}},"16":{"start":{"line":30,"column":2},"end":{"line":39,"column":3}},"17":{"start":{"line":31,"column":19},"end":{"line":31,"column":29}},"18":{"start":{"line":32,"column":18},"end":{"line":32,"column":50}},"19":{"start":{"line":33,"column":4},"end":{"line":34,"column":79}},"20":{"start":{"line":34,"column":6},"end":{"line":34,"column":79}},"21":{"start":{"line":36,"column":4},"end":{"line":36,"column":20}},"22":{"start":{"line":38,"column":4},"end":{"line":38,"column":16}},"23":{"start":{"line":42,"column":26},"end":{"line":52,"column":1}},"24":{"start":{"line":43,"column":2},"end":{"line":51,"column":3}},"25":{"start":{"line":44,"column":24},"end":{"line":44,"column":34}},"26":{"start":{"line":45,"column":19},"end":{"line":45,"column":55}},"27":{"start":{"line":46,"column":4},"end":{"line":46,"column":79}},"28":{"start":{"line":46,"column":17},"end":{"line":46,"column":79}},"29":{"start":{"line":48,"column":4},"end":{"line":48,"column":21}},"30":{"start":{"line":50,"column":4},"end":{"line":50,"column":16}},"31":{"start":{"line":54,"column":31},"end":{"line":119,"column":1}},"32":{"start":{"line":55,"column":2},"end":{"line":118,"column":3}},"33":{"start":{"line":56,"column":20},"end":{"line":56,"column":28}},"34":{"start":{"line":57,"column":4},"end":{"line":59,"column":5}},"35":{"start":{"line":58,"column":6},"end":{"line":58,"column":78}},"36":{"start":{"line":61,"column":17},"end":{"line":61,"column":49}},"37":{"start":{"line":62,"column":4},"end":{"line":66,"column":5}},"38":{"start":{"line":63,"column":6},"end":{"line":65,"column":9}},"39":{"start":{"line":69,"column":36},"end":{"line":69,"column":73}},"40":{"start":{"line":72,"column":22},"end":{"line":72,"column":56}},"41":{"start":{"line":73,"column":4},"end":{"line":77,"column":5}},"42":{"start":{"line":74,"column":6},"end":{"line":76,"column":79}},"43":{"start":{"line":80,"column":16},"end":{"line":88,"column":6}},"44":{"start":{"line":92,"column":6},"end":{"line":92,"column":76}},"45":{"start":{"line":94,"column":4},"end":{"line":94,"column":56}},"46":{"start":{"line":95,"column":4},"end":{"line":95,"column":65}},"47":{"start":{"line":100,"column":4},"end":{"line":100,"column":51}},"48":{"start":{"line":103,"column":4},"end":{"line":109,"column":5}},"49":{"start":{"line":104,"column":6},"end":{"line":104,"column":48}},"50":{"start":{"line":106,"column":6},"end":{"line":108,"column":8}},"51":{"start":{"line":111,"column":4},"end":{"line":115,"column":7}},"52":{"start":{"line":117,"column":4},"end":{"line":117,"column":16}}},"fnMap":{"0":{"name":"(anonymous_0)","decl":{"start":{"line":6,"column":26},"end":{"line":6,"column":31}},"loc":{"start":{"line":6,"column":52},"end":{"line":14,"column":1}},"line":6},"1":{"name":"(anonymous_1)","decl":{"start":{"line":16,"column":26},"end":{"line":16,"column":31}},"loc":{"start":{"line":16,"column":52},"end":{"line":27,"column":1}},"line":16},"2":{"name":"(anonymous_2)","decl":{"start":{"line":29,"column":27},"end":{"line":29,"column":32}},"loc":{"start":{"line":29,"column":53},"end":{"line":40,"column":1}},"line":29},"3":{"name":"(anonymous_3)","decl":{"start":{"line":42,"column":26},"end":{"line":42,"column":31}},"loc":{"start":{"line":42,"column":52},"end":{"line":52,"column":1}},"line":42},"4":{"name":"(anonymous_4)","decl":{"start":{"line":54,"column":31},"end":{"line":54,"column":36}},"loc":{"start":{"line":54,"column":57},"end":{"line":119,"column":1}},"line":54}},"branchMap":{"0":{"loc":{"start":{"line":8,"column":14},"end":{"line":8,"column":71}},"type":"cond-expr","locations":[{"start":{"line":8,"column":48},"end":{"line":8,"column":66}},{"start":{"line":8,"column":69},"end":{"line":8,"column":71}}],"line":8},"1":{"loc":{"start":{"line":20,"column":4},"end":{"line":20,"column":72}},"type":"if","locations":[{"start":{"line":20,"column":4},"end":{"line":20,"column":72}},{"start":{},"end":{}}],"line":20},"2":{"loc":{"start":{"line":33,"column":4},"end":{"line":34,"column":79}},"type":"if","locations":[{"start":{"line":33,"column":4},"end":{"line":34,"column":79}},{"start":{},"end":{}}],"line":33},"3":{"loc":{"start":{"line":46,"column":4},"end":{"line":46,"column":79}},"type":"if","locations":[{"start":{"line":46,"column":4},"end":{"line":46,"column":79}},{"start":{},"end":{}}],"line":46},"4":{"loc":{"start":{"line":57,"column":4},"end":{"line":59,"column":5}},"type":"if","locations":[{"start":{"line":57,"column":4},"end":{"line":59,"column":5}},{"start":{},"end":{}}],"line":57},"5":{"loc":{"start":{"line":62,"column":4},"end":{"line":66,"column":5}},"type":"if","locations":[{"start":{"line":62,"column":4},"end":{"line":66,"column":5}},{"start":{},"end":{}}],"line":62},"6":{"loc":{"start":{"line":73,"column":4},"end":{"line":77,"column":5}},"type":"if","locations":[{"start":{"line":73,"column":4},"end":{"line":77,"column":5}},{"start":{},"end":{}}],"line":73},"7":{"loc":{"start":{"line":73,"column":8},"end":{"line":73,"column":45}},"type":"binary-expr","locations":[{"start":{"line":73,"column":8},"end":{"line":73,"column":25}},{"start":{"line":73,"column":29},"end":{"line":73,"column":45}}],"line":73}},"s":{"0":3,"1":2,"2":2,"3":2,"4":2,"5":0,"6":3,"7":2,"8":2,"9":2,"10":2,"11":1,"12":1,"13":1,"14":0,"15":3,"16":2,"17":2,"18":2,"19":2,"20":1,"21":1,"22":0,"23":3,"24":3,"25":3,"26":3,"27":3,"28":1,"29":2,"30":0,"31":3,"32":0,"33":0,"34":0,"35":0,"36":0,"37":0,"38":0,"39":0,"40":0,"41":0,"42":0,"43":0,"44":0,"45":0,"46":0,"47":0,"48":0,"49":0,"50":0,"51":0,"52":0},"f":{"0":2,"1":2,"2":2,"3":3,"4":0},"b":{"0":[1,1],"1":[1,1],"2":[1,1],"3":[1,2],"4":[0,0],"5":[0,0],"6":[0,0],"7":[0,0]},"meta":{"lastBranch":8,"lastFunction":5,"lastStatement":53,"seen":{"s:6:26:14:1":0,"f:6:26:6:31":0,"s:7:2:13:3":1,"s:8:14:8:71":2,"b:8:48:8:66:8:69:8:71":0,"s:9:17:9:47":3,"s:10:4:10:19":4,"s:12:4:12:16":5,"s:16:26:27:1":6,"f:16:26:16:31":1,"s:17:2:26:3":7,"s:18:19:18:29":8,"s:19:16:19:47":9,"b:20:4:20:72:undefined:undefined:undefined:undefined":1,"s:20:4:20:72":10,"s:20:14:20:72":11,"s:22:21:22:52":12,"s:23:4:23:32":13,"s:25:4:25:16":14,"s:29:27:40:1":15,"f:29:27:29:32":2,"s:30:2:39:3":16,"s:31:19:31:29":17,"s:32:18:32:50":18,"b:33:4:34:79:undefined:undefined:undefined:undefined":2,"s:33:4:34:79":19,"s:34:6:34:79":20,"s:36:4:36:20":21,"s:38:4:38:16":22,"s:42:26:52:1":23,"f:42:26:42:31":3,"s:43:2:51:3":24,"s:44:24:44:34":25,"s:45:19:45:55":26,"b:46:4:46:79:undefined:undefined:undefined:undefined":3,"s:46:4:46:79":27,"s:46:17:46:79":28,"s:48:4:48:21":29,"s:50:4:50:16":30,"s:54:31:119:1":31,"f:54:31:54:36":4,"s:55:2:118:3":32,"s:56:20:56:28":33,"b:57:4:59:5:undefined:undefined:undefined:undefined":4,"s:57:4:59:5":34,"s:58:6:58:78":35,"s:61:17:61:49":36,"b:62:4:66:5:undefined:undefined:undefined:undefined":5,"s:62:4:66:5":37,"s:63:6:65:9":38,"s:69:36:69:73":39,"s:72:22:72:56":40,"b:73:4:77:5:undefined:undefined:undefined:undefined":6,"s:73:4:77:5":41,"b:73:8:73:25:73:29:73:45":7,"s:74:6:76:79":42,"s:80:16:88:6":43,"s:92:6:92:76":44,"s:94:4:94:56":45,"s:95:4:95:65":46,"s:100:4:100:51":47,"s:103:4:109:5":48,"s:104:6:104:48":49,"s:106:6:108:8":50,"s:111:4:115:7":51,"s:117:4:117:16":52}}}
,"C:\\Disk.D\\projectForFun\\Bootcamp_2026\\New_repo_mono_low\\low-analysis\\backend\\src\\controllers\\subjectController.js": {"path":"C:\\Disk.D\\projectForFun\\Bootcamp_2026\\New_repo_mono_low\\low-analysis\\backend\\src\\controllers\\subjectController.js","statementMap":{"0":{"start":{"line":7,"column":30},"end":{"line":14,"column":1}},"1":{"start":{"line":8,"column":2},"end":{"line":13,"column":null}},"2":{"start":{"line":9,"column":21},"end":{"line":9,"column":58}},"3":{"start":{"line":10,"column":4},"end":{"line":10,"column":null}},"4":{"start":{"line":12,"column":4},"end":{"line":12,"column":null}},"5":{"start":{"line":16,"column":34},"end":{"line":26,"column":1}},"6":{"start":{"line":17,"column":2},"end":{"line":25,"column":null}},"7":{"start":{"line":18,"column":19},"end":{"line":18,"column":29}},"8":{"start":{"line":19,"column":19},"end":{"line":19,"column":62}},"9":{"start":{"line":20,"column":4},"end":{"line":20,"column":null}},"10":{"start":{"line":20,"column":17},"end":{"line":20,"column":null}},"11":{"start":{"line":22,"column":4},"end":{"line":22,"column":null}},"12":{"start":{"line":24,"column":4},"end":{"line":24,"column":null}},"13":{"start":{"line":35,"column":37},"end":{"line":58,"column":1}},"14":{"start":{"line":36,"column":2},"end":{"line":57,"column":null}},"15":{"start":{"line":37,"column":26},"end":{"line":37,"column":36}},"16":{"start":{"line":38,"column":19},"end":{"line":38,"column":50}},"17":{"start":{"line":40,"column":4},"end":{"line":46,"column":null}},"18":{"start":{"line":41,"column":6},"end":{"line":45,"column":null}},"19":{"start":{"line":48,"column":4},"end":{"line":54,"column":null}},"20":{"start":{"line":56,"column":4},"end":{"line":56,"column":null}},"21":{"start":{"line":68,"column":35},"end":{"line":94,"column":1}},"22":{"start":{"line":69,"column":2},"end":{"line":93,"column":null}},"23":{"start":{"line":70,"column":22},"end":{"line":70,"column":32}},"24":{"start":{"line":71,"column":18},"end":{"line":71,"column":44}},"25":{"start":{"line":72,"column":18},"end":{"line":72,"column":56}},"26":{"start":{"line":73,"column":18},"end":{"line":73,"column":55}},"27":{"start":{"line":75,"column":19},"end":{"line":75,"column":76}},"28":{"start":{"line":77,"column":22},"end":{"line":80,"column":5}},"29":{"start":{"line":82,"column":4},"end":{"line":90,"column":null}},"30":{"start":{"line":92,"column":4},"end":{"line":92,"column":null}}},"fnMap":{"0":{"name":"(anonymous_0)","decl":{"start":{"line":7,"column":30},"end":{"line":7,"column":35}},"loc":{"start":{"line":7,"column":56},"end":{"line":14,"column":1}},"line":7},"1":{"name":"(anonymous_1)","decl":{"start":{"line":16,"column":34},"end":{"line":16,"column":39}},"loc":{"start":{"line":16,"column":60},"end":{"line":26,"column":1}},"line":16},"2":{"name":"(anonymous_2)","decl":{"start":{"line":35,"column":37},"end":{"line":35,"column":42}},"loc":{"start":{"line":35,"column":63},"end":{"line":58,"column":1}},"line":35},"3":{"name":"(anonymous_3)","decl":{"start":{"line":68,"column":35},"end":{"line":68,"column":40}},"loc":{"start":{"line":68,"column":61},"end":{"line":94,"column":1}},"line":68}},"branchMap":{"0":{"loc":{"start":{"line":20,"column":4},"end":{"line":20,"column":null}},"type":"if","locations":[{"start":{"line":20,"column":4},"end":{"line":20,"column":null}},{"start":{},"end":{}}],"line":20},"1":{"loc":{"start":{"line":40,"column":4},"end":{"line":46,"column":null}},"type":"if","locations":[{"start":{"line":40,"column":4},"end":{"line":46,"column":null}},{"start":{},"end":{}}],"line":40},"2":{"loc":{"start":{"line":72,"column":27},"end":{"line":72,"column":51}},"type":"binary-expr","locations":[{"start":{"line":72,"column":27},"end":{"line":72,"column":42}},{"start":{"line":72,"column":46},"end":{"line":72,"column":51}}],"line":72},"3":{"loc":{"start":{"line":73,"column":27},"end":{"line":73,"column":50}},"type":"binary-expr","locations":[{"start":{"line":73,"column":27},"end":{"line":73,"column":42}},{"start":{"line":73,"column":46},"end":{"line":73,"column":50}}],"line":73},"4":{"loc":{"start":{"line":84,"column":8},"end":{"line":86,"column":62}},"type":"cond-expr","locations":[{"start":{"line":85,"column":12},"end":{"line":85,"column":null}},{"start":{"line":86,"column":12},"end":{"line":86,"column":62}}],"line":84}},"s":{"0":3,"1":1,"2":1,"3":1,"4":0,"5":3,"6":2,"7":2,"8":2,"9":2,"10":1,"11":1,"12":0,"13":3,"14":0,"15":0,"16":0,"17":0,"18":0,"19":0,"20":0,"21":3,"22":0,"23":0,"24":0,"25":0,"26":0,"27":0,"28":0,"29":0,"30":0},"f":{"0":1,"1":2,"2":0,"3":0},"b":{"0":[1,1],"1":[0,0],"2":[0,0],"3":[0,0],"4":[0,0]},"meta":{"lastBranch":5,"lastFunction":4,"lastStatement":31,"seen":{"s:7:30:14:1":0,"f:7:30:7:35":0,"s:8:2:13:Infinity":1,"s:9:21:9:58":2,"s:10:4:10:Infinity":3,"s:12:4:12:Infinity":4,"s:16:34:26:1":5,"f:16:34:16:39":1,"s:17:2:25:Infinity":6,"s:18:19:18:29":7,"s:19:19:19:62":8,"b:20:4:20:Infinity:undefined:undefined:undefined:undefined":0,"s:20:4:20:Infinity":9,"s:20:17:20:Infinity":10,"s:22:4:22:Infinity":11,"s:24:4:24:Infinity":12,"s:35:37:58:1":13,"f:35:37:35:42":2,"s:36:2:57:Infinity":14,"s:37:26:37:36":15,"s:38:19:38:50":16,"b:40:4:46:Infinity:undefined:undefined:undefined:undefined":1,"s:40:4:46:Infinity":17,"s:41:6:45:Infinity":18,"s:48:4:54:Infinity":19,"s:56:4:56:Infinity":20,"s:68:35:94:1":21,"f:68:35:68:40":3,"s:69:2:93:Infinity":22,"s:70:22:70:32":23,"s:71:18:71:44":24,"s:72:18:72:56":25,"b:72:27:72:42:72:46:72:51":2,"s:73:18:73:55":26,"b:73:27:73:42:73:46:73:50":3,"s:75:19:75:76":27,"s:77:22:80:5":28,"s:82:4:90:Infinity":29,"b:85:12:85:Infinity:86:12:86:62":4,"s:92:4:92:Infinity":30}}}
,"C:\\Disk.D\\projectForFun\\Bootcamp_2026\\New_repo_mono_low\\low-analysis\\backend\\src\\middleware\\errorHandler.js": {"path":"C:\\Disk.D\\projectForFun\\Bootcamp_2026\\New_repo_mono_low\\low-analysis\\backend\\src\\middleware\\errorHandler.js","statementMap":{"0":{"start":{"line":2,"column":13},"end":{"line":8,"column":null}},"1":{"start":{"line":3,"column":21},"end":{"line":3,"column":null}},"2":{"start":{"line":4,"column":2},"end":{"line":4,"column":null}},"3":{"start":{"line":5,"column":2},"end":{"line":8,"column":null}}},"fnMap":{"0":{"name":"(anonymous_0)","decl":{"start":{"line":2,"column":13},"end":{"line":2,"column":29}},"loc":{"start":{"line":2,"column":53},"end":{"line":8,"column":null}},"line":2}},"branchMap":{"0":{"loc":{"start":{"line":3,"column":21},"end":{"line":3,"column":null}},"type":"cond-expr","locations":[{"start":{"line":3,"column":46},"end":{"line":3,"column":52}},{"start":{"line":3,"column":52},"end":{"line":3,"column":null}}],"line":3},"1":{"loc":{"start":{"line":7,"column":4},"end":{"line":7,"column":null}},"type":"cond-expr","locations":[{"start":{"line":7,"column":51},"end":{"line":7,"column":58}},{"start":{"line":7,"column":58},"end":{"line":7,"column":null}}],"line":7}},"s":{"0":3,"1":0,"2":0,"3":0},"f":{"0":0},"b":{"0":[0,0],"1":[0,0]},"meta":{"lastBranch":2,"lastFunction":1,"lastStatement":4,"seen":{"s:2:13:8:Infinity":0,"f:2:13:2:29":0,"s:3:21:3:Infinity":1,"b:3:46:3:52:3:52:3:Infinity":0,"s:4:2:4:Infinity":2,"s:5:2:8:Infinity":3,"b:7:51:7:58:7:58:7:Infinity":1}}}
,"C:\\Disk.D\\projectForFun\\Bootcamp_2026\\New_repo_mono_low\\low-analysis\\backend\\src\\models\\Element.js": {"path":"C:\\Disk.D\\projectForFun\\Bootcamp_2026\\New_repo_mono_low\\low-analysis\\backend\\src\\models\\Element.js","statementMap":{"0":{"start":{"line":3,"column":22},"end":{"line":89,"column":1}},"1":{"start":{"line":91,"column":16},"end":{"line":91,"column":56}}},"fnMap":{},"branchMap":{},"s":{"0":3,"1":3},"f":{},"b":{},"meta":{"lastBranch":0,"lastFunction":0,"lastStatement":2,"seen":{"s:3:22:89:1":0,"s:91:16:91:56":1}}}
,"C:\\Disk.D\\projectForFun\\Bootcamp_2026\\New_repo_mono_low\\low-analysis\\backend\\src\\models\\Law.js": {"path":"C:\\Disk.D\\projectForFun\\Bootcamp_2026\\New_repo_mono_low\\low-analysis\\backend\\src\\models\\Law.js","statementMap":{"0":{"start":{"line":3,"column":18},"end":{"line":58,"column":1}},"1":{"start":{"line":60,"column":12},"end":{"line":60,"column":44}}},"fnMap":{},"branchMap":{},"s":{"0":3,"1":3},"f":{},"b":{},"meta":{"lastBranch":0,"lastFunction":0,"lastStatement":2,"seen":{"s:3:18:58:1":0,"s:60:12:60:44":1}}}
,"C:\\Disk.D\\projectForFun\\Bootcamp_2026\\New_repo_mono_low\\low-analysis\\backend\\src\\models\\Subject.js": {"path":"C:\\Disk.D\\projectForFun\\Bootcamp_2026\\New_repo_mono_low\\low-analysis\\backend\\src\\models\\Subject.js","statementMap":{"0":{"start":{"line":7,"column":22},"end":{"line":41,"column":1}},"1":{"start":{"line":44,"column":0},"end":{"line":44,"column":null}},"2":{"start":{"line":46,"column":16},"end":{"line":46,"column":56}}},"fnMap":{},"branchMap":{},"s":{"0":3,"1":3,"2":3},"f":{},"b":{},"meta":{"lastBranch":0,"lastFunction":0,"lastStatement":3,"seen":{"s:7:22:41:1":0,"s:44:0:44:Infinity":1,"s:46:16:46:56":2}}}
,"C:\\Disk.D\\projectForFun\\Bootcamp_2026\\New_repo_mono_low\\low-analysis\\backend\\src\\routes\\lawRoutes.js": {"path":"C:\\Disk.D\\projectForFun\\Bootcamp_2026\\New_repo_mono_low\\low-analysis\\backend\\src\\routes\\lawRoutes.js","statementMap":{"0":{"start":{"line":10,"column":15},"end":{"line":10,"column":31}},"1":{"start":{"line":43,"column":0},"end":{"line":43,"column":28}},"2":{"start":{"line":76,"column":0},"end":{"line":76,"column":36}},"3":{"start":{"line":99,"column":0},"end":{"line":99,"column":38}},"4":{"start":{"line":133,"column":0},"end":{"line":133,"column":45}},"5":{"start":{"line":174,"column":0},"end":{"line":174,"column":39}}},"fnMap":{},"branchMap":{},"s":{"0":3,"1":3,"2":3,"3":3,"4":3,"5":3},"f":{},"b":{},"meta":{"lastBranch":0,"lastFunction":0,"lastStatement":6,"seen":{"s:10:15:10:31":0,"s:43:0:43:28":1,"s:76:0:76:36":2,"s:99:0:99:38":3,"s:133:0:133:45":4,"s:174:0:174:39":5}}}
,"C:\\Disk.D\\projectForFun\\Bootcamp_2026\\New_repo_mono_low\\low-analysis\\backend\\src\\routes\\subjectRoutes.js": {"path":"C:\\Disk.D\\projectForFun\\Bootcamp_2026\\New_repo_mono_low\\low-analysis\\backend\\src\\routes\\subjectRoutes.js","statementMap":{"0":{"start":{"line":9,"column":15},"end":{"line":9,"column":31}},"1":{"start":{"line":32,"column":0},"end":{"line":32,"column":null}},"2":{"start":{"line":61,"column":0},"end":{"line":61,"column":null}},"3":{"start":{"line":113,"column":0},"end":{"line":113,"column":null}},"4":{"start":{"line":168,"column":0},"end":{"line":168,"column":null}}},"fnMap":{},"branchMap":{},"s":{"0":3,"1":3,"2":3,"3":3,"4":3},"f":{},"b":{},"meta":{"lastBranch":0,"lastFunction":0,"lastStatement":5,"seen":{"s:9:15:9:31":0,"s:32:0:32:Infinity":1,"s:61:0:61:Infinity":2,"s:113:0:113:Infinity":3,"s:168:0:168:Infinity":4}}}
,"C:\\Disk.D\\projectForFun\\Bootcamp_2026\\New_repo_mono_low\\low-analysis\\backend\\src\\services\\batchAnalysisService.js": {"path":"C:\\Disk.D\\projectForFun\\Bootcamp_2026\\New_repo_mono_low\\low-analysis\\backend\\src\\services\\batchAnalysisService.js","statementMap":{"0":{"start":{"line":6,"column":19},"end":{"line":6,"column":62}},"1":{"start":{"line":13,"column":14},"end":{"line":13,"column":71}},"2":{"start":{"line":13,"column":22},"end":{"line":13,"column":71}},"3":{"start":{"line":13,"column":47},"end":{"line":13,"column":70}},"4":{"start":{"line":24,"column":26},"end":{"line":84,"column":1}},"5":{"start":{"line":25,"column":54},"end":{"line":25,"column":61}},"6":{"start":{"line":28,"column":14},"end":{"line":28,"column":39}},"7":{"start":{"line":29,"column":2},"end":{"line":31,"column":null}},"8":{"start":{"line":30,"column":4},"end":{"line":30,"column":null}},"9":{"start":{"line":34,"column":16},"end":{"line":34,"column":52}},"10":{"start":{"line":35,"column":2},"end":{"line":38,"column":null}},"11":{"start":{"line":37,"column":4},"end":{"line":37,"column":null}},"12":{"start":{"line":40,"column":19},"end":{"line":43,"column":33}},"13":{"start":{"line":45,"column":25},"end":{"line":45,"column":60}},"14":{"start":{"line":47,"column":2},"end":{"line":49,"column":null}},"15":{"start":{"line":51,"column":18},"end":{"line":51,"column":19}},"16":{"start":{"line":52,"column":22},"end":{"line":52,"column":23}},"17":{"start":{"line":53,"column":16},"end":{"line":53,"column":17}},"18":{"start":{"line":54,"column":15},"end":{"line":54,"column":16}},"19":{"start":{"line":56,"column":2},"end":{"line":77,"column":null}},"20":{"start":{"line":57,"column":4},"end":{"line":71,"column":null}},"21":{"start":{"line":58,"column":21},"end":{"line":58,"column":65}},"22":{"start":{"line":60,"column":6},"end":{"line":65,"column":null}},"23":{"start":{"line":61,"column":8},"end":{"line":61,"column":null}},"24":{"start":{"line":63,"column":8},"end":{"line":63,"column":null}},"25":{"start":{"line":64,"column":8},"end":{"line":64,"column":null}},"26":{"start":{"line":67,"column":6},"end":{"line":67,"column":null}},"27":{"start":{"line":68,"column":6},"end":{"line":70,"column":null}},"28":{"start":{"line":74,"column":4},"end":{"line":76,"column":null}},"29":{"start":{"line":75,"column":6},"end":{"line":75,"column":null}},"30":{"start":{"line":79,"column":2},"end":{"line":81,"column":null}},"31":{"start":{"line":83,"column":2},"end":{"line":83,"column":null}}},"fnMap":{"0":{"name":"(anonymous_0)","decl":{"start":{"line":13,"column":14},"end":{"line":13,"column":15}},"loc":{"start":{"line":13,"column":22},"end":{"line":13,"column":71}},"line":13},"1":{"name":"(anonymous_1)","decl":{"start":{"line":13,"column":34},"end":{"line":13,"column":35}},"loc":{"start":{"line":13,"column":47},"end":{"line":13,"column":70}},"line":13},"2":{"name":"(anonymous_2)","decl":{"start":{"line":24,"column":26},"end":{"line":24,"column":31}},"loc":{"start":{"line":24,"column":57},"end":{"line":84,"column":1}},"line":24}},"branchMap":{"0":{"loc":{"start":{"line":24,"column":40},"end":{"line":24,"column":52}},"type":"default-arg","locations":[{"start":{"line":24,"column":50},"end":{"line":24,"column":52}}],"line":24},"1":{"loc":{"start":{"line":25,"column":10},"end":{"line":25,"column":23}},"type":"default-arg","locations":[{"start":{"line":25,"column":18},"end":{"line":25,"column":23}}],"line":25},"2":{"loc":{"start":{"line":25,"column":25},"end":{"line":25,"column":38}},"type":"default-arg","locations":[{"start":{"line":25,"column":35},"end":{"line":25,"column":38}}],"line":25},"3":{"loc":{"start":{"line":25,"column":40},"end":{"line":25,"column":49}},"type":"default-arg","locations":[{"start":{"line":25,"column":48},"end":{"line":25,"column":49}}],"line":25},"4":{"loc":{"start":{"line":29,"column":2},"end":{"line":31,"column":null}},"type":"if","locations":[{"start":{"line":29,"column":2},"end":{"line":31,"column":null}},{"start":{},"end":{}}],"line":29},"5":{"loc":{"start":{"line":35,"column":2},"end":{"line":38,"column":null}},"type":"if","locations":[{"start":{"line":35,"column":2},"end":{"line":38,"column":null}},{"start":{},"end":{}}],"line":35},"6":{"loc":{"start":{"line":43,"column":11},"end":{"line":43,"column":32}},"type":"cond-expr","locations":[{"start":{"line":43,"column":23},"end":{"line":43,"column":28}},{"start":{"line":43,"column":31},"end":{"line":43,"column":32}}],"line":43},"7":{"loc":{"start":{"line":48,"column":135},"end":{"line":48,"column":150}},"type":"binary-expr","locations":[{"start":{"line":48,"column":135},"end":{"line":48,"column":140}},{"start":{"line":48,"column":144},"end":{"line":48,"column":150}}],"line":48},"8":{"loc":{"start":{"line":60,"column":6},"end":{"line":65,"column":null}},"type":"if","locations":[{"start":{"line":60,"column":6},"end":{"line":65,"column":null}},{"start":{"line":62,"column":13},"end":{"line":65,"column":null}}],"line":60},"9":{"loc":{"start":{"line":74,"column":4},"end":{"line":76,"column":null}},"type":"if","locations":[{"start":{"line":74,"column":4},"end":{"line":76,"column":null}},{"start":{},"end":{}}],"line":74}},"s":{"0":3,"1":3,"2":0,"3":0,"4":3,"5":0,"6":0,"7":0,"8":0,"9":0,"10":0,"11":0,"12":0,"13":0,"14":0,"15":0,"16":0,"17":0,"18":0,"19":0,"20":0,"21":0,"22":0,"23":0,"24":0,"25":0,"26":0,"27":0,"28":0,"29":0,"30":0,"31":0},"f":{"0":0,"1":0,"2":0},"b":{"0":[0],"1":[0],"2":[0],"3":[0],"4":[0,0],"5":[0,0],"6":[0,0],"7":[0,0],"8":[0,0],"9":[0,0]},"meta":{"lastBranch":10,"lastFunction":3,"lastStatement":32,"seen":{"s:6:19:6:62":0,"s:13:14:13:71":1,"f:13:14:13:15":0,"s:13:22:13:71":2,"f:13:34:13:35":1,"s:13:47:13:70":3,"s:24:26:84:1":4,"f:24:26:24:31":2,"b:24:50:24:52":0,"s:25:54:25:61":5,"b:25:18:25:23":1,"b:25:35:25:38":2,"b:25:48:25:49":3,"s:28:14:28:39":6,"b:29:2:31:Infinity:undefined:undefined:undefined:undefined":4,"s:29:2:31:Infinity":7,"s:30:4:30:Infinity":8,"s:34:16:34:52":9,"b:35:2:38:Infinity:undefined:undefined:undefined:undefined":5,"s:35:2:38:Infinity":10,"s:37:4:37:Infinity":11,"s:40:19:43:33":12,"b:43:23:43:28:43:31:43:32":6,"s:45:25:45:60":13,"s:47:2:49:Infinity":14,"b:48:135:48:140:48:144:48:150":7,"s:51:18:51:19":15,"s:52:22:52:23":16,"s:53:16:53:17":17,"s:54:15:54:16":18,"s:56:2:77:Infinity":19,"s:57:4:71:Infinity":20,"s:58:21:58:65":21,"b:60:6:65:Infinity:62:13:65:Infinity":8,"s:60:6:65:Infinity":22,"s:61:8:61:Infinity":23,"s:63:8:63:Infinity":24,"s:64:8:64:Infinity":25,"s:67:6:67:Infinity":26,"s:68:6:70:Infinity":27,"b:74:4:76:Infinity:undefined:undefined:undefined:undefined":9,"s:74:4:76:Infinity":28,"s:75:6:75:Infinity":29,"s:79:2:81:Infinity":30,"s:83:2:83:Infinity":31}}}
,"C:\\Disk.D\\projectForFun\\Bootcamp_2026\\New_repo_mono_low\\low-analysis\\backend\\src\\services\\fetchService.js": {"path":"C:\\Disk.D\\projectForFun\\Bootcamp_2026\\New_repo_mono_low\\low-analysis\\backend\\src\\services\\fetchService.js","statementMap":{"0":{"start":{"line":8,"column":30},"end":{"line":29,"column":1}},"1":{"start":{"line":9,"column":2},"end":{"line":9,"column":null}},"2":{"start":{"line":9,"column":14},"end":{"line":9,"column":null}},"3":{"start":{"line":10,"column":23},"end":{"line":10,"column":39}},"4":{"start":{"line":13,"column":2},"end":{"line":25,"column":null}},"5":{"start":{"line":14,"column":21},"end":{"line":16,"column":5}},"6":{"start":{"line":17,"column":4},"end":{"line":24,"column":null}},"7":{"start":{"line":18,"column":20},"end":{"line":18,"column":31}},"8":{"start":{"line":20,"column":6},"end":{"line":20,"column":null}},"9":{"start":{"line":22,"column":6},"end":{"line":22,"column":null}},"10":{"start":{"line":23,"column":6},"end":{"line":23,"column":null}},"11":{"start":{"line":28,"column":2},"end":{"line":28,"column":null}},"12":{"start":{"line":36,"column":28},"end":{"line":65,"column":1}},"13":{"start":{"line":37,"column":22},"end":{"line":37,"column":37}},"14":{"start":{"line":38,"column":18},"end":{"line":38,"column":70}},"15":{"start":{"line":39,"column":19},"end":{"line":39,"column":37}},"16":{"start":{"line":41,"column":22},"end":{"line":47,"column":3}},"17":{"start":{"line":49,"column":2},"end":{"line":64,"column":null}},"18":{"start":{"line":50,"column":32},"end":{"line":53,"column":6}},"19":{"start":{"line":55,"column":4},"end":{"line":58,"column":null}},"20":{"start":{"line":60,"column":4},"end":{"line":62,"column":null}},"21":{"start":{"line":61,"column":6},"end":{"line":61,"column":null}},"22":{"start":{"line":63,"column":4},"end":{"line":63,"column":null}}},"fnMap":{"0":{"name":"(anonymous_0)","decl":{"start":{"line":8,"column":30},"end":{"line":8,"column":31}},"loc":{"start":{"line":8,"column":41},"end":{"line":29,"column":1}},"line":8},"1":{"name":"(anonymous_1)","decl":{"start":{"line":36,"column":28},"end":{"line":36,"column":33}},"loc":{"start":{"line":36,"column":44},"end":{"line":65,"column":1}},"line":36}},"branchMap":{"0":{"loc":{"start":{"line":9,"column":2},"end":{"line":9,"column":null}},"type":"if","locations":[{"start":{"line":9,"column":2},"end":{"line":9,"column":null}},{"start":{},"end":{}}],"line":9},"1":{"loc":{"start":{"line":13,"column":2},"end":{"line":25,"column":null}},"type":"if","locations":[{"start":{"line":13,"column":2},"end":{"line":25,"column":null}},{"start":{},"end":{}}],"line":13},"2":{"loc":{"start":{"line":17,"column":4},"end":{"line":24,"column":null}},"type":"if","locations":[{"start":{"line":17,"column":4},"end":{"line":24,"column":null}},{"start":{},"end":{}}],"line":17},"3":{"loc":{"start":{"line":17,"column":8},"end":{"line":17,"column":31}},"type":"binary-expr","locations":[{"start":{"line":17,"column":8},"end":{"line":17,"column":16}},{"start":{"line":17,"column":20},"end":{"line":17,"column":31}}],"line":17},"4":{"loc":{"start":{"line":60,"column":4},"end":{"line":62,"column":null}},"type":"if","locations":[{"start":{"line":60,"column":4},"end":{"line":62,"column":null}},{"start":{},"end":{}}],"line":60}},"s":{"0":3,"1":0,"2":0,"3":0,"4":0,"5":0,"6":0,"7":0,"8":0,"9":0,"10":0,"11":0,"12":3,"13":0,"14":0,"15":0,"16":0,"17":0,"18":0,"19":0,"20":0,"21":0,"22":0},"f":{"0":0,"1":0},"b":{"0":[0,0],"1":[0,0],"2":[0,0],"3":[0,0],"4":[0,0]},"meta":{"lastBranch":5,"lastFunction":2,"lastStatement":23,"seen":{"s:8:30:29:1":0,"f:8:30:8:31":0,"b:9:2:9:Infinity:undefined:undefined:undefined:undefined":0,"s:9:2:9:Infinity":1,"s:9:14:9:Infinity":2,"s:10:23:10:39":3,"b:13:2:25:Infinity:undefined:undefined:undefined:undefined":1,"s:13:2:25:Infinity":4,"s:14:21:16:5":5,"b:17:4:24:Infinity:undefined:undefined:undefined:undefined":2,"s:17:4:24:Infinity":6,"b:17:8:17:16:17:20:17:31":3,"s:18:20:18:31":7,"s:20:6:20:Infinity":8,"s:22:6:22:Infinity":9,"s:23:6:23:Infinity":10,"s:28:2:28:Infinity":11,"s:36:28:65:1":12,"f:36:28:36:33":1,"s:37:22:37:37":13,"s:38:18:38:70":14,"s:39:19:39:37":15,"s:41:22:47:3":16,"s:49:2:64:Infinity":17,"s:50:32:53:6":18,"s:55:4:58:Infinity":19,"b:60:4:62:Infinity:undefined:undefined:undefined:undefined":4,"s:60:4:62:Infinity":20,"s:61:6:61:Infinity":21,"s:63:4:63:Infinity":22}}}
,"C:\\Disk.D\\projectForFun\\Bootcamp_2026\\New_repo_mono_low\\low-analysis\\backend\\src\\services\\lawService.js": {"path":"C:\\Disk.D\\projectForFun\\Bootcamp_2026\\New_repo_mono_low\\low-analysis\\backend\\src\\services\\lawService.js","statementMap":{"0":{"start":{"line":7,"column":26},"end":{"line":16,"column":1}},"1":{"start":{"line":8,"column":17},"end":{"line":14,"column":8}},"2":{"start":{"line":15,"column":2},"end":{"line":15,"column":73}},"3":{"start":{"line":18,"column":26},"end":{"line":20,"column":1}},"4":{"start":{"line":19,"column":2},"end":{"line":19,"column":47}},"5":{"start":{"line":27,"column":27},"end":{"line":63,"column":1}},"6":{"start":{"line":28,"column":19},"end":{"line":28,"column":48}},"7":{"start":{"line":29,"column":2},"end":{"line":29,"column":54}},"8":{"start":{"line":29,"column":42},"end":{"line":29,"column":54}},"9":{"start":{"line":31,"column":24},"end":{"line":31,"column":39}},"10":{"start":{"line":32,"column":21},"end":{"line":35,"column":3}},"11":{"start":{"line":33,"column":17},"end":{"line":33,"column":44}},"12":{"start":{"line":36,"column":20},"end":{"line":36,"column":46}},"13":{"start":{"line":39,"column":4},"end":{"line":42,"column":21}},"14":{"start":{"line":40,"column":19},"end":{"line":40,"column":71}},"15":{"start":{"line":43,"column":28},"end":{"line":43,"column":47}},"16":{"start":{"line":46,"column":21},"end":{"line":51,"column":3}},"17":{"start":{"line":52,"column":2},"end":{"line":55,"column":5}},"18":{"start":{"line":53,"column":18},"end":{"line":53,"column":41}},"19":{"start":{"line":54,"column":4},"end":{"line":54,"column":53}},"20":{"start":{"line":57,"column":2},"end":{"line":62,"column":4}},"21":{"start":{"line":70,"column":26},"end":{"line":74,"column":1}},"22":{"start":{"line":71,"column":2},"end":{"line":73,"column":34}},"23":{"start":{"line":82,"column":26},"end":{"line":105,"column":1}},"24":{"start":{"line":83,"column":25},"end":{"line":90,"column":4}},"25":{"start":{"line":92,"column":2},"end":{"line":92,"column":28}},"26":{"start":{"line":92,"column":16},"end":{"line":92,"column":28}},"27":{"start":{"line":94,"column":22},"end":{"line":94,"column":79}},"28":{"start":{"line":94,"column":34},"end":{"line":94,"column":79}},"29":{"start":{"line":95,"column":21},"end":{"line":95,"column":67}},"30":{"start":{"line":97,"column":19},"end":{"line":102,"column":23}},"31":{"start":{"line":104,"column":2},"end":{"line":104,"column":60}},"32":{"start":{"line":109,"column":25},"end":{"line":118,"column":1}},"33":{"start":{"line":111,"column":4},"end":{"line":111,"column":11}},"34":{"start":{"line":112,"column":14},"end":{"line":116,"column":3}},"35":{"start":{"line":117,"column":2},"end":{"line":117,"column":13}},"36":{"start":{"line":120,"column":34},"end":{"line":139,"column":1}},"37":{"start":{"line":121,"column":18},"end":{"line":133,"column":4}},"38":{"start":{"line":122,"column":43},"end":{"line":122,"column":45}},"39":{"start":{"line":123,"column":4},"end":{"line":132,"column":6}},"40":{"start":{"line":135,"column":2},"end":{"line":137,"column":3}},"41":{"start":{"line":136,"column":4},"end":{"line":136,"column":44}},"42":{"start":{"line":138,"column":2},"end":{"line":138,"column":14}},"43":{"start":{"line":141,"column":37},"end":{"line":146,"column":1}},"44":{"start":{"line":142,"column":2},"end":{"line":145,"column":5}},"45":{"start":{"line":158,"column":36},"end":{"line":171,"column":1}},"46":{"start":{"line":161,"column":41},"end":{"line":168,"column":4}},"47":{"start":{"line":170,"column":2},"end":{"line":170,"column":71}},"48":{"start":{"line":179,"column":39},"end":{"line":216,"column":1}},"49":{"start":{"line":181,"column":27},"end":{"line":181,"column":77}},"50":{"start":{"line":182,"column":22},"end":{"line":182,"column":24}},"51":{"start":{"line":183,"column":2},"end":{"line":185,"column":5}},"52":{"start":{"line":184,"column":4},"end":{"line":184,"column":34}},"53":{"start":{"line":188,"column":20},"end":{"line":188,"column":29}},"54":{"start":{"line":190,"column":26},"end":{"line":204,"column":4}},"55":{"start":{"line":191,"column":21},"end":{"line":191,"column":28}},"56":{"start":{"line":192,"column":18},"end":{"line":192,"column":19}},"57":{"start":{"line":193,"column":4},"end":{"line":196,"column":5}},"58":{"start":{"line":194,"column":6},"end":{"line":194,"column":46}},"59":{"start":{"line":195,"column":6},"end":{"line":195,"column":16}},"60":{"start":{"line":197,"column":4},"end":{"line":197,"column":30}},"61":{"start":{"line":200,"column":15},"end":{"line":200,"column":71}},"62":{"start":{"line":201,"column":4},"end":{"line":201,"column":33}},"63":{"start":{"line":203,"column":4},"end":{"line":203,"column":48}},"64":{"start":{"line":207,"column":25},"end":{"line":213,"column":4}},"65":{"start":{"line":208,"column":4},"end":{"line":212,"column":6}},"66":{"start":{"line":215,"column":2},"end":{"line":215,"column":64}}},"fnMap":{"0":{"name":"(anonymous_0)","decl":{"start":{"line":7,"column":26},"end":{"line":7,"column":31}},"loc":{"start":{"line":7,"column":44},"end":{"line":16,"column":1}},"line":7},"1":{"name":"(anonymous_1)","decl":{"start":{"line":18,"column":26},"end":{"line":18,"column":31}},"loc":{"start":{"line":18,"column":40},"end":{"line":20,"column":1}},"line":18},"2":{"name":"(anonymous_2)","decl":{"start":{"line":27,"column":27},"end":{"line":27,"column":32}},"loc":{"start":{"line":27,"column":44},"end":{"line":63,"column":1}},"line":27},"3":{"name":"(anonymous_3)","decl":{"start":{"line":33,"column":4},"end":{"line":33,"column":5}},"loc":{"start":{"line":33,"column":17},"end":{"line":33,"column":44}},"line":33},"4":{"name":"(anonymous_4)","decl":{"start":{"line":40,"column":6},"end":{"line":40,"column":7}},"loc":{"start":{"line":40,"column":19},"end":{"line":40,"column":71}},"line":40},"5":{"name":"(anonymous_5)","decl":{"start":{"line":52,"column":19},"end":{"line":52,"column":20}},"loc":{"start":{"line":52,"column":27},"end":{"line":55,"column":3}},"line":52},"6":{"name":"(anonymous_6)","decl":{"start":{"line":70,"column":26},"end":{"line":70,"column":31}},"loc":{"start":{"line":70,"column":43},"end":{"line":74,"column":1}},"line":70},"7":{"name":"(anonymous_7)","decl":{"start":{"line":82,"column":26},"end":{"line":82,"column":31}},"loc":{"start":{"line":82,"column":58},"end":{"line":105,"column":1}},"line":82},"8":{"name":"(anonymous_8)","decl":{"start":{"line":94,"column":22},"end":{"line":94,"column":23}},"loc":{"start":{"line":94,"column":34},"end":{"line":94,"column":79}},"line":94},"9":{"name":"(anonymous_9)","decl":{"start":{"line":109,"column":25},"end":{"line":109,"column":30}},"loc":{"start":{"line":109,"column":44},"end":{"line":118,"column":1}},"line":109},"10":{"name":"(anonymous_10)","decl":{"start":{"line":120,"column":34},"end":{"line":120,"column":39}},"loc":{"start":{"line":120,"column":54},"end":{"line":139,"column":1}},"line":120},"11":{"name":"(anonymous_11)","decl":{"start":{"line":121,"column":31},"end":{"line":121,"column":32}},"loc":{"start":{"line":121,"column":39},"end":{"line":133,"column":3}},"line":121},"12":{"name":"(anonymous_12)","decl":{"start":{"line":141,"column":37},"end":{"line":141,"column":42}},"loc":{"start":{"line":141,"column":67},"end":{"line":146,"column":1}},"line":141},"13":{"name":"(anonymous_13)","decl":{"start":{"line":158,"column":36},"end":{"line":158,"column":41}},"loc":{"start":{"line":158,"column":53},"end":{"line":171,"column":1}},"line":158},"14":{"name":"(anonymous_14)","decl":{"start":{"line":179,"column":39},"end":{"line":179,"column":44}},"loc":{"start":{"line":179,"column":69},"end":{"line":216,"column":1}},"line":179},"15":{"name":"(anonymous_15)","decl":{"start":{"line":183,"column":27},"end":{"line":183,"column":28}},"loc":{"start":{"line":183,"column":35},"end":{"line":185,"column":3}},"line":183},"16":{"name":"(anonymous_16)","decl":{"start":{"line":190,"column":42},"end":{"line":190,"column":43}},"loc":{"start":{"line":190,"column":50},"end":{"line":204,"column":3}},"line":190},"17":{"name":"(anonymous_17)","decl":{"start":{"line":207,"column":45},"end":{"line":207,"column":46}},"loc":{"start":{"line":207,"column":53},"end":{"line":213,"column":3}},"line":207}},"branchMap":{"0":{"loc":{"start":{"line":7,"column":33},"end":{"line":7,"column":39}},"type":"default-arg","locations":[{"start":{"line":7,"column":37},"end":{"line":7,"column":39}}],"line":7},"1":{"loc":{"start":{"line":8,"column":17},"end":{"line":14,"column":8}},"type":"cond-expr","locations":[{"start":{"line":9,"column":6},"end":{"line":13,"column":7}},{"start":{"line":14,"column":6},"end":{"line":14,"column":8}}],"line":8},"2":{"loc":{"start":{"line":29,"column":2},"end":{"line":29,"column":54}},"type":"if","locations":[{"start":{"line":29,"column":2},"end":{"line":29,"column":54}},{"start":{},"end":{}}],"line":29},"3":{"loc":{"start":{"line":29,"column":6},"end":{"line":29,"column":40}},"type":"binary-expr","locations":[{"start":{"line":29,"column":6},"end":{"line":29,"column":15}},{"start":{"line":29,"column":19},"end":{"line":29,"column":40}}],"line":29},"4":{"loc":{"start":{"line":33,"column":24},"end":{"line":33,"column":43}},"type":"binary-expr","locations":[{"start":{"line":33,"column":24},"end":{"line":33,"column":38}},{"start":{"line":33,"column":42},"end":{"line":33,"column":43}}],"line":33},"5":{"loc":{"start":{"line":40,"column":35},"end":{"line":40,"column":54}},"type":"binary-expr","locations":[{"start":{"line":40,"column":35},"end":{"line":40,"column":49}},{"start":{"line":40,"column":53},"end":{"line":40,"column":54}}],"line":40},"6":{"loc":{"start":{"line":53,"column":18},"end":{"line":53,"column":41}},"type":"binary-expr","locations":[{"start":{"line":53,"column":18},"end":{"line":53,"column":31}},{"start":{"line":53,"column":35},"end":{"line":53,"column":41}}],"line":53},"7":{"loc":{"start":{"line":54,"column":25},"end":{"line":54,"column":47}},"type":"binary-expr","locations":[{"start":{"line":54,"column":25},"end":{"line":54,"column":42}},{"start":{"line":54,"column":46},"end":{"line":54,"column":47}}],"line":54},"8":{"loc":{"start":{"line":92,"column":2},"end":{"line":92,"column":28}},"type":"if","locations":[{"start":{"line":92,"column":2},"end":{"line":92,"column":28}},{"start":{},"end":{}}],"line":92},"9":{"loc":{"start":{"line":104,"column":19},"end":{"line":104,"column":38}},"type":"binary-expr","locations":[{"start":{"line":104,"column":19},"end":{"line":104,"column":30}},{"start":{"line":104,"column":34},"end":{"line":104,"column":38}}],"line":104},"10":{"loc":{"start":{"line":135,"column":2},"end":{"line":137,"column":3}},"type":"if","locations":[{"start":{"line":135,"column":2},"end":{"line":137,"column":3}},{"start":{},"end":{}}],"line":135},"11":{"loc":{"start":{"line":200,"column":15},"end":{"line":200,"column":71}},"type":"binary-expr","locations":[{"start":{"line":200,"column":15},"end":{"line":200,"column":38}},{"start":{"line":200,"column":42},"end":{"line":200,"column":71}}],"line":200},"12":{"loc":{"start":{"line":211,"column":16},"end":{"line":211,"column":73}},"type":"cond-expr","locations":[{"start":{"line":211,"column":32},"end":{"line":211,"column":66}},{"start":{"line":211,"column":69},"end":{"line":211,"column":73}}],"line":211},"13":{"loc":{"start":{"line":211,"column":32},"end":{"line":211,"column":66}},"type":"binary-expr","locations":[{"start":{"line":211,"column":32},"end":{"line":211,"column":58}},{"start":{"line":211,"column":62},"end":{"line":211,"column":66}}],"line":211}},"s":{"0":2,"1":0,"2":0,"3":2,"4":0,"5":2,"6":0,"7":0,"8":0,"9":0,"10":0,"11":0,"12":0,"13":0,"14":0,"15":0,"16":0,"17":0,"18":0,"19":0,"20":0,"21":2,"22":0,"23":2,"24":0,"25":0,"26":0,"27":0,"28":0,"29":0,"30":0,"31":0,"32":2,"33":0,"34":0,"35":0,"36":2,"37":0,"38":0,"39":0,"40":0,"41":0,"42":0,"43":2,"44":0,"45":2,"46":0,"47":0,"48":2,"49":0,"50":0,"51":0,"52":0,"53":0,"54":0,"55":0,"56":0,"57":0,"58":0,"59":0,"60":0,"61":0,"62":0,"63":0,"64":0,"65":0,"66":0},"f":{"0":0,"1":0,"2":0,"3":0,"4":0,"5":0,"6":0,"7":0,"8":0,"9":0,"10":0,"11":0,"12":0,"13":0,"14":0,"15":0,"16":0,"17":0},"b":{"0":[0],"1":[0,0],"2":[0,0],"3":[0,0],"4":[0,0],"5":[0,0],"6":[0,0],"7":[0,0],"8":[0,0],"9":[0,0],"10":[0,0],"11":[0,0],"12":[0,0],"13":[0,0]},"meta":{"lastBranch":14,"lastFunction":18,"lastStatement":67,"seen":{"s:7:26:16:1":0,"f:7:26:7:31":0,"b:7:37:7:39":0,"s:8:17:14:8":1,"b:9:6:13:7:14:6:14:8":1,"s:15:2:15:73":2,"s:18:26:20:1":3,"f:18:26:18:31":1,"s:19:2:19:47":4,"s:27:27:63:1":5,"f:27:27:27:32":2,"s:28:19:28:48":6,"b:29:2:29:54:undefined:undefined:undefined:undefined":2,"s:29:2:29:54":7,"b:29:6:29:15:29:19:29:40":3,"s:29:42:29:54":8,"s:31:24:31:39":9,"s:32:21:35:3":10,"f:33:4:33:5":3,"s:33:17:33:44":11,"b:33:24:33:38:33:42:33:43":4,"s:36:20:36:46":12,"s:39:4:42:21":13,"f:40:6:40:7":4,"s:40:19:40:71":14,"b:40:35:40:49:40:53:40:54":5,"s:43:28:43:47":15,"s:46:21:51:3":16,"s:52:2:55:5":17,"f:52:19:52:20":5,"s:53:18:53:41":18,"b:53:18:53:31:53:35:53:41":6,"s:54:4:54:53":19,"b:54:25:54:42:54:46:54:47":7,"s:57:2:62:4":20,"s:70:26:74:1":21,"f:70:26:70:31":6,"s:71:2:73:34":22,"s:82:26:105:1":23,"f:82:26:82:31":7,"s:83:25:90:4":24,"b:92:2:92:28:undefined:undefined:undefined:undefined":8,"s:92:2:92:28":25,"s:92:16:92:28":26,"s:94:22:94:79":27,"f:94:22:94:23":8,"s:94:34:94:79":28,"s:95:21:95:67":29,"s:97:19:102:23":30,"s:104:2:104:60":31,"b:104:19:104:30:104:34:104:38":9,"s:109:25:118:1":32,"f:109:25:109:30":9,"s:111:4:111:11":33,"s:112:14:116:3":34,"s:117:2:117:13":35,"s:120:34:139:1":36,"f:120:34:120:39":10,"s:121:18:133:4":37,"f:121:31:121:32":11,"s:122:43:122:45":38,"s:123:4:132:6":39,"b:135:2:137:3:undefined:undefined:undefined:undefined":10,"s:135:2:137:3":40,"s:136:4:136:44":41,"s:138:2:138:14":42,"s:141:37:146:1":43,"f:141:37:141:42":12,"s:142:2:145:5":44,"s:158:36:171:1":45,"f:158:36:158:41":13,"s:161:41:168:4":46,"s:170:2:170:71":47,"s:179:39:216:1":48,"f:179:39:179:44":14,"s:181:27:181:77":49,"s:182:22:182:24":50,"s:183:2:185:5":51,"f:183:27:183:28":15,"s:184:4:184:34":52,"s:188:20:188:29":53,"s:190:26:204:4":54,"f:190:42:190:43":16,"s:191:21:191:28":55,"s:192:18:192:19":56,"s:193:4:196:5":57,"s:194:6:194:46":58,"s:195:6:195:16":59,"s:197:4:197:30":60,"s:200:15:200:71":61,"b:200:15:200:38:200:42:200:71":11,"s:201:4:201:33":62,"s:203:4:203:48":63,"s:207:25:213:4":64,"f:207:45:207:46":17,"s:208:4:212:6":65,"b:211:32:211:66:211:69:211:73":12,"b:211:32:211:58:211:62:211:66":13,"s:215:2:215:64":66}}}
,"C:\\Disk.D\\projectForFun\\Bootcamp_2026\\New_repo_mono_low\\low-analysis\\backend\\src\\services\\llmService.js": {"path":"C:\\Disk.D\\projectForFun\\Bootcamp_2026\\New_repo_mono_low\\low-analysis\\backend\\src\\services\\llmService.js","statementMap":{"0":{"start":{"line":4,"column":23},"end":{"line":4,"column":24}},"1":{"start":{"line":5,"column":23},"end":{"line":5,"column":27}},"2":{"start":{"line":7,"column":18},"end":{"line":7,"column":22}},"3":{"start":{"line":12,"column":18},"end":{"line":20,"column":1}},"4":{"start":{"line":13,"column":2},"end":{"line":18,"column":3}},"5":{"start":{"line":14,"column":4},"end":{"line":16,"column":5}},"6":{"start":{"line":15,"column":6},"end":{"line":15,"column":77}},"7":{"start":{"line":17,"column":4},"end":{"line":17,"column":65}},"8":{"start":{"line":19,"column":2},"end":{"line":19,"column":21}},"9":{"start":{"line":26,"column":14},"end":{"line":26,"column":71}},"10":{"start":{"line":26,"column":22},"end":{"line":26,"column":71}},"11":{"start":{"line":26,"column":47},"end":{"line":26,"column":70}},"12":{"start":{"line":37,"column":24},"end":{"line":103,"column":1}},"13":{"start":{"line":38,"column":17},"end":{"line":38,"column":28}},"14":{"start":{"line":41,"column":2},"end":{"line":98,"column":3}},"15":{"start":{"line":41,"column":21},"end":{"line":41,"column":22}},"16":{"start":{"line":42,"column":4},"end":{"line":97,"column":5}},"17":{"start":{"line":43,"column":23},"end":{"line":55,"column":8}},"18":{"start":{"line":58,"column":22},"end":{"line":58,"column":35}},"19":{"start":{"line":61,"column":22},"end":{"line":64,"column":15}},"20":{"start":{"line":66,"column":6},"end":{"line":77,"column":7}},"21":{"start":{"line":67,"column":8},"end":{"line":67,"column":35}},"22":{"start":{"line":69,"column":8},"end":{"line":69,"column":74}},"23":{"start":{"line":70,"column":8},"end":{"line":70,"column":31}},"24":{"start":{"line":71,"column":8},"end":{"line":71,"column":60}},"25":{"start":{"line":72,"column":8},"end":{"line":72,"column":31}},"26":{"start":{"line":74,"column":10},"end":{"line":74,"column":61}},"27":{"start":{"line":75,"column":8},"end":{"line":75,"column":69}},"28":{"start":{"line":76,"column":8},"end":{"line":76,"column":25}},"29":{"start":{"line":79,"column":6},"end":{"line":79,"column":24}},"30":{"start":{"line":82,"column":8},"end":{"line":86,"column":46}},"31":{"start":{"line":88,"column":6},"end":{"line":96,"column":7}},"32":{"start":{"line":89,"column":22},"end":{"line":89,"column":57}},"33":{"start":{"line":90,"column":8},"end":{"line":92,"column":10}},"34":{"start":{"line":93,"column":8},"end":{"line":93,"column":27}},"35":{"start":{"line":95,"column":8},"end":{"line":95,"column":14}},"36":{"start":{"line":100,"column":2},"end":{"line":102,"column":4}}},"fnMap":{"0":{"name":"(anonymous_0)","decl":{"start":{"line":12,"column":18},"end":{"line":12,"column":19}},"loc":{"start":{"line":12,"column":24},"end":{"line":20,"column":1}},"line":12},"1":{"name":"(anonymous_1)","decl":{"start":{"line":26,"column":14},"end":{"line":26,"column":15}},"loc":{"start":{"line":26,"column":22},"end":{"line":26,"column":71}},"line":26},"2":{"name":"(anonymous_2)","decl":{"start":{"line":26,"column":34},"end":{"line":26,"column":35}},"loc":{"start":{"line":26,"column":47},"end":{"line":26,"column":70}},"line":26},"3":{"name":"(anonymous_3)","decl":{"start":{"line":37,"column":24},"end":{"line":37,"column":29}},"loc":{"start":{"line":37,"column":60},"end":{"line":103,"column":1}},"line":37}},"branchMap":{"0":{"loc":{"start":{"line":13,"column":2},"end":{"line":18,"column":3}},"type":"if","locations":[{"start":{"line":13,"column":2},"end":{"line":18,"column":3}},{"start":{},"end":{}}],"line":13},"1":{"loc":{"start":{"line":14,"column":4},"end":{"line":16,"column":5}},"type":"if","locations":[{"start":{"line":14,"column":4},"end":{"line":16,"column":5}},{"start":{},"end":{}}],"line":14},"2":{"loc":{"start":{"line":74,"column":10},"end":{"line":74,"column":61}},"type":"binary-expr","locations":[{"start":{"line":74,"column":10},"end":{"line":74,"column":48}},{"start":{"line":74,"column":52},"end":{"line":74,"column":61}}],"line":74},"3":{"loc":{"start":{"line":82,"column":8},"end":{"line":86,"column":46}},"type":"binary-expr","locations":[{"start":{"line":82,"column":8},"end":{"line":82,"column":36}},{"start":{"line":83,"column":8},"end":{"line":83,"column":39}},{"start":{"line":84,"column":8},"end":{"line":84,"column":38}},{"start":{"line":85,"column":8},"end":{"line":85,"column":38}},{"start":{"line":86,"column":8},"end":{"line":86,"column":46}}],"line":82},"4":{"loc":{"start":{"line":88,"column":6},"end":{"line":96,"column":7}},"type":"if","locations":[{"start":{"line":88,"column":6},"end":{"line":96,"column":7}},{"start":{"line":94,"column":13},"end":{"line":96,"column":7}}],"line":88},"5":{"loc":{"start":{"line":88,"column":10},"end":{"line":88,"column":49}},"type":"binary-expr","locations":[{"start":{"line":88,"column":10},"end":{"line":88,"column":21}},{"start":{"line":88,"column":25},"end":{"line":88,"column":49}}],"line":88}},"s":{"0":3,"1":3,"2":3,"3":3,"4":0,"5":0,"6":0,"7":0,"8":0,"9":3,"10":0,"11":0,"12":3,"13":0,"14":0,"15":0,"16":0,"17":0,"18":0,"19":0,"20":0,"21":0,"22":0,"23":0,"24":0,"25":0,"26":0,"27":0,"28":0,"29":0,"30":0,"31":0,"32":0,"33":0,"34":0,"35":0,"36":0},"f":{"0":0,"1":0,"2":0,"3":0},"b":{"0":[0,0],"1":[0,0],"2":[0,0],"3":[0,0,0,0,0],"4":[0,0],"5":[0,0]},"meta":{"lastBranch":6,"lastFunction":4,"lastStatement":37,"seen":{"s:4:23:4:24":0,"s:5:23:5:27":1,"s:7:18:7:22":2,"s:12:18:20:1":3,"f:12:18:12:19":0,"b:13:2:18:3:undefined:undefined:undefined:undefined":0,"s:13:2:18:3":4,"b:14:4:16:5:undefined:undefined:undefined:undefined":1,"s:14:4:16:5":5,"s:15:6:15:77":6,"s:17:4:17:65":7,"s:19:2:19:21":8,"s:26:14:26:71":9,"f:26:14:26:15":1,"s:26:22:26:71":10,"f:26:34:26:35":2,"s:26:47:26:70":11,"s:37:24:103:1":12,"f:37:24:37:29":3,"s:38:17:38:28":13,"s:41:2:98:3":14,"s:41:21:41:22":15,"s:42:4:97:5":16,"s:43:23:55:8":17,"s:58:22:58:35":18,"s:61:22:64:15":19,"s:66:6:77:7":20,"s:67:8:67:35":21,"s:69:8:69:74":22,"s:70:8:70:31":23,"s:71:8:71:60":24,"s:72:8:72:31":25,"s:74:10:74:61":26,"b:74:10:74:48:74:52:74:61":2,"s:75:8:75:69":27,"s:76:8:76:25":28,"s:79:6:79:24":29,"s:82:8:86:46":30,"b:82:8:82:36:83:8:83:39:84:8:84:38:85:8:85:38:86:8:86:46":3,"b:88:6:96:7:94:13:96:7":4,"s:88:6:96:7":31,"b:88:10:88:21:88:25:88:49":5,"s:89:22:89:57":32,"s:90:8:92:10":33,"s:93:8:93:27":34,"s:95:8:95:14":35,"s:100:2:102:4":36}}}
,"C:\\Disk.D\\projectForFun\\Bootcamp_2026\\New_repo_mono_low\\low-analysis\\backend\\src\\services\\parserService.js": {"path":"C:\\Disk.D\\projectForFun\\Bootcamp_2026\\New_repo_mono_low\\low-analysis\\backend\\src\\services\\parserService.js","statementMap":{"0":{"start":{"line":12,"column":22},"end":{"line":12,"column":29}},"1":{"start":{"line":13,"column":22},"end":{"line":13,"column":29}},"2":{"start":{"line":14,"column":19},"end":{"line":14,"column":27}},"3":{"start":{"line":15,"column":21},"end":{"line":15,"column":29}},"4":{"start":{"line":16,"column":21},"end":{"line":16,"column":28}},"5":{"start":{"line":23,"column":32},"end":{"line":28,"column":1}},"6":{"start":{"line":24,"column":20},"end":{"line":24,"column":47}},"7":{"start":{"line":26,"column":4},"end":{"line":26,"column":59}},"8":{"start":{"line":27,"column":2},"end":{"line":27,"column":48}},"9":{"start":{"line":37,"column":28},"end":{"line":341,"column":1}},"10":{"start":{"line":38,"column":12},"end":{"line":38,"column":30}},"11":{"start":{"line":40,"column":15},"end":{"line":40,"column":19}},"12":{"start":{"line":41,"column":2},"end":{"line":48,"column":3}},"13":{"start":{"line":42,"column":18},"end":{"line":42,"column":40}},"14":{"start":{"line":43,"column":4},"end":{"line":47,"column":11}},"15":{"start":{"line":51,"column":14},"end":{"line":51,"column":16}},"16":{"start":{"line":52,"column":22},"end":{"line":52,"column":54}},"17":{"start":{"line":53,"column":2},"end":{"line":55,"column":3}},"18":{"start":{"line":54,"column":4},"end":{"line":54,"column":47}},"19":{"start":{"line":56,"column":2},"end":{"line":61,"column":3}},"20":{"start":{"line":57,"column":4},"end":{"line":60,"column":9}},"21":{"start":{"line":65,"column":13},"end":{"line":65,"column":15}},"22":{"start":{"line":66,"column":2},"end":{"line":73,"column":5}},"23":{"start":{"line":67,"column":17},"end":{"line":67,"column":42}},"24":{"start":{"line":69,"column":18},"end":{"line":69,"column":55}},"25":{"start":{"line":70,"column":4},"end":{"line":72,"column":5}},"26":{"start":{"line":71,"column":6},"end":{"line":71,"column":42}},"27":{"start":{"line":76,"column":19},"end":{"line":76,"column":21}},"28":{"start":{"line":77,"column":14},"end":{"line":77,"column":15}},"29":{"start":{"line":78,"column":25},"end":{"line":78,"column":29}},"30":{"start":{"line":79,"column":25},"end":{"line":79,"column":29}},"31":{"start":{"line":81,"column":21},"end":{"line":81,"column":23}},"32":{"start":{"line":82,"column":22},"end":{"line":82,"column":24}},"33":{"start":{"line":83,"column":28},"end":{"line":83,"column":33}},"34":{"start":{"line":86,"column":2},"end":{"line":329,"column":5}},"35":{"start":{"line":87,"column":15},"end":{"line":87,"column":20}},"36":{"start":{"line":91,"column":19},"end":{"line":91,"column":38}},"37":{"start":{"line":92,"column":4},"end":{"line":94,"column":5}},"38":{"start":{"line":93,"column":6},"end":{"line":93,"column":13}},"39":{"start":{"line":96,"column":19},"end":{"line":96,"column":50}},"40":{"start":{"line":97,"column":17},"end":{"line":97,"column":33}},"41":{"start":{"line":99,"column":21},"end":{"line":99,"column":72}},"42":{"start":{"line":100,"column":23},"end":{"line":100,"column":69}},"43":{"start":{"line":104,"column":6},"end":{"line":114,"column":55}},"44":{"start":{"line":116,"column":4},"end":{"line":119,"column":5}},"45":{"start":{"line":117,"column":6},"end":{"line":117,"column":33}},"46":{"start":{"line":118,"column":6},"end":{"line":118,"column":25}},"47":{"start":{"line":121,"column":4},"end":{"line":176,"column":5}},"48":{"start":{"line":124,"column":26},"end":{"line":124,"column":76}},"49":{"start":{"line":126,"column":8},"end":{"line":126,"column":62}},"50":{"start":{"line":129,"column":24},"end":{"line":129,"column":49}},"51":{"start":{"line":130,"column":25},"end":{"line":130,"column":64}},"52":{"start":{"line":131,"column":29},"end":{"line":131,"column":59}},"53":{"start":{"line":132,"column":30},"end":{"line":132,"column":61}},"54":{"start":{"line":135,"column":8},"end":{"line":143,"column":28}},"55":{"start":{"line":146,"column":8},"end":{"line":149,"column":45}},"56":{"start":{"line":151,"column":6},"end":{"line":160,"column":7}},"57":{"start":{"line":159,"column":8},"end":{"line":159,"column":32}},"58":{"start":{"line":163,"column":6},"end":{"line":165,"column":7}},"59":{"start":{"line":164,"column":8},"end":{"line":164,"column":15}},"60":{"start":{"line":168,"column":6},"end":{"line":173,"column":7}},"61":{"start":{"line":169,"column":8},"end":{"line":171,"column":9}},"62":{"start":{"line":170,"column":10},"end":{"line":170,"column":35}},"63":{"start":{"line":172,"column":8},"end":{"line":172,"column":15}},"64":{"start":{"line":175,"column":6},"end":{"line":175,"column":75}},"65":{"start":{"line":175,"column":68},"end":{"line":175,"column":75}},"66":{"start":{"line":178,"column":19},"end":{"line":178,"column":41}},"67":{"start":{"line":181,"column":4},"end":{"line":207,"column":5}},"68":{"start":{"line":182,"column":26},"end":{"line":182,"column":53}},"69":{"start":{"line":183,"column":22},"end":{"line":185,"column":26}},"70":{"start":{"line":188,"column":21},"end":{"line":188,"column":47}},"71":{"start":{"line":189,"column":26},"end":{"line":189,"column":70}},"72":{"start":{"line":191,"column":6},"end":{"line":191,"column":14}},"73":{"start":{"line":192,"column":19},"end":{"line":202,"column":7}},"74":{"start":{"line":203,"column":6},"end":{"line":203,"column":26}},"75":{"start":{"line":204,"column":6},"end":{"line":204,"column":30}},"76":{"start":{"line":205,"column":6},"end":{"line":205,"column":30}},"77":{"start":{"line":206,"column":6},"end":{"line":206,"column":13}},"78":{"start":{"line":210,"column":4},"end":{"line":247,"column":5}},"79":{"start":{"line":211,"column":26},"end":{"line":211,"column":53}},"80":{"start":{"line":212,"column":6},"end":{"line":212,"column":38}},"81":{"start":{"line":212,"column":31},"end":{"line":212,"column":38}},"82":{"start":{"line":216,"column":21},"end":{"line":216,"column":48}},"83":{"start":{"line":219,"column":23},"end":{"line":219,"column":48}},"84":{"start":{"line":220,"column":20},"end":{"line":220,"column":39}},"85":{"start":{"line":223,"column":23},"end":{"line":223,"column":68}},"86":{"start":{"line":225,"column":26},"end":{"line":225,"column":73}},"87":{"start":{"line":226,"column":26},"end":{"line":230,"column":25}},"88":{"start":{"line":232,"column":6},"end":{"line":232,"column":14}},"89":{"start":{"line":233,"column":19},"end":{"line":243,"column":7}},"90":{"start":{"line":244,"column":6},"end":{"line":244,"column":26}},"91":{"start":{"line":245,"column":6},"end":{"line":245,"column":30}},"92":{"start":{"line":246,"column":6},"end":{"line":246,"column":13}},"93":{"start":{"line":253,"column":4},"end":{"line":328,"column":5}},"94":{"start":{"line":254,"column":20},"end":{"line":254,"column":39}},"95":{"start":{"line":255,"column":25},"end":{"line":255,"column":36}},"96":{"start":{"line":256,"column":25},"end":{"line":256,"column":40}},"97":{"start":{"line":257,"column":19},"end":{"line":257,"column":35}},"98":{"start":{"line":258,"column":6},"end":{"line":258,"column":24}},"99":{"start":{"line":258,"column":17},"end":{"line":258,"column":24}},"100":{"start":{"line":260,"column":21},"end":{"line":260,"column":23}},"101":{"start":{"line":261,"column":6},"end":{"line":276,"column":7}},"102":{"start":{"line":262,"column":8},"end":{"line":262,"column":41}},"103":{"start":{"line":264,"column":28},"end":{"line":268,"column":16}},"104":{"start":{"line":271,"column":8},"end":{"line":275,"column":9}},"105":{"start":{"line":272,"column":10},"end":{"line":272,"column":33}},"106":{"start":{"line":274,"column":10},"end":{"line":274,"column":79}},"107":{"start":{"line":278,"column":23},"end":{"line":278,"column":58}},"108":{"start":{"line":279,"column":25},"end":{"line":279,"column":73}},"109":{"start":{"line":280,"column":20},"end":{"line":280,"column":41}},"110":{"start":{"line":282,"column":26},"end":{"line":282,"column":59}},"111":{"start":{"line":284,"column":24},"end":{"line":284,"column":35}},"112":{"start":{"line":285,"column":23},"end":{"line":285,"column":25}},"113":{"start":{"line":287,"column":24},"end":{"line":287,"column":48}},"114":{"start":{"line":288,"column":25},"end":{"line":288,"column":49}},"115":{"start":{"line":289,"column":28},"end":{"line":289,"column":60}},"116":{"start":{"line":291,"column":6},"end":{"line":312,"column":7}},"117":{"start":{"line":292,"column":8},"end":{"line":292,"column":29}},"118":{"start":{"line":293,"column":8},"end":{"line":293,"column":34}},"119":{"start":{"line":294,"column":13},"end":{"line":312,"column":7}},"120":{"start":{"line":295,"column":8},"end":{"line":295,"column":30}},"121":{"start":{"line":296,"column":8},"end":{"line":296,"column":35}},"122":{"start":{"line":297,"column":13},"end":{"line":312,"column":7}},"123":{"start":{"line":298,"column":8},"end":{"line":298,"column":34}},"124":{"start":{"line":299,"column":8},"end":{"line":299,"column":38}},"125":{"start":{"line":302,"column":10},"end":{"line":304,"column":24}},"126":{"start":{"line":305,"column":8},"end":{"line":309,"column":9}},"127":{"start":{"line":306,"column":10},"end":{"line":306,"column":31}},"128":{"start":{"line":308,"column":10},"end":{"line":308,"column":36}},"129":{"start":{"line":310,"column":28},"end":{"line":310,"column":73}},"130":{"start":{"line":311,"column":8},"end":{"line":311,"column":55}},"131":{"start":{"line":316,"column":6},"end":{"line":316,"column":14}},"132":{"start":{"line":317,"column":6},"end":{"line":327,"column":9}},"133":{"start":{"line":331,"column":19},"end":{"line":331,"column":75}},"134":{"start":{"line":332,"column":20},"end":{"line":332,"column":78}},"135":{"start":{"line":334,"column":21},"end":{"line":334,"column":50}},"136":{"start":{"line":335,"column":25},"end":{"line":338,"column":3}},"137":{"start":{"line":340,"column":2},"end":{"line":340,"column":80}}},"fnMap":{"0":{"name":"(anonymous_0)","decl":{"start":{"line":23,"column":32},"end":{"line":23,"column":33}},"loc":{"start":{"line":23,"column":44},"end":{"line":28,"column":1}},"line":23},"1":{"name":"(anonymous_1)","decl":{"start":{"line":37,"column":28},"end":{"line":37,"column":29}},"loc":{"start":{"line":37,"column":55},"end":{"line":341,"column":1}},"line":37},"2":{"name":"(anonymous_2)","decl":{"start":{"line":66,"column":38},"end":{"line":66,"column":39}},"loc":{"start":{"line":66,"column":49},"end":{"line":73,"column":3}},"line":66},"3":{"name":"(anonymous_3)","decl":{"start":{"line":86,"column":23},"end":{"line":86,"column":24}},"loc":{"start":{"line":86,"column":34},"end":{"line":329,"column":3}},"line":86}},"branchMap":{"0":{"loc":{"start":{"line":37,"column":35},"end":{"line":37,"column":50}},"type":"default-arg","locations":[{"start":{"line":37,"column":46},"end":{"line":37,"column":50}}],"line":37},"1":{"loc":{"start":{"line":41,"column":2},"end":{"line":48,"column":3}},"type":"if","locations":[{"start":{"line":41,"column":2},"end":{"line":48,"column":3}},{"start":{},"end":{}}],"line":41},"2":{"loc":{"start":{"line":44,"column":6},"end":{"line":47,"column":10}},"type":"binary-expr","locations":[{"start":{"line":44,"column":6},"end":{"line":44,"column":44}},{"start":{"line":45,"column":6},"end":{"line":45,"column":47}},{"start":{"line":46,"column":6},"end":{"line":46,"column":48}},{"start":{"line":47,"column":6},"end":{"line":47,"column":10}}],"line":44},"3":{"loc":{"start":{"line":53,"column":2},"end":{"line":55,"column":3}},"type":"if","locations":[{"start":{"line":53,"column":2},"end":{"line":55,"column":3}},{"start":{},"end":{}}],"line":53},"4":{"loc":{"start":{"line":56,"column":2},"end":{"line":61,"column":3}},"type":"if","locations":[{"start":{"line":56,"column":2},"end":{"line":61,"column":3}},{"start":{},"end":{}}],"line":56},"5":{"loc":{"start":{"line":58,"column":6},"end":{"line":60,"column":8}},"type":"binary-expr","locations":[{"start":{"line":58,"column":6},"end":{"line":58,"column":47}},{"start":{"line":59,"column":6},"end":{"line":59,"column":45}},{"start":{"line":60,"column":6},"end":{"line":60,"column":8}}],"line":58},"6":{"loc":{"start":{"line":67,"column":17},"end":{"line":67,"column":42}},"type":"binary-expr","locations":[{"start":{"line":67,"column":17},"end":{"line":67,"column":36}},{"start":{"line":67,"column":40},"end":{"line":67,"column":42}}],"line":67},"7":{"loc":{"start":{"line":70,"column":4},"end":{"line":72,"column":5}},"type":"if","locations":[{"start":{"line":70,"column":4},"end":{"line":72,"column":5}},{"start":{},"end":{}}],"line":70},"8":{"loc":{"start":{"line":92,"column":4},"end":{"line":94,"column":5}},"type":"if","locations":[{"start":{"line":92,"column":4},"end":{"line":94,"column":5}},{"start":{},"end":{}}],"line":92},"9":{"loc":{"start":{"line":92,"column":8},"end":{"line":92,"column":54}},"type":"binary-expr","locations":[{"start":{"line":92,"column":8},"end":{"line":92,"column":25}},{"start":{"line":92,"column":29},"end":{"line":92,"column":54}}],"line":92},"10":{"loc":{"start":{"line":99,"column":21},"end":{"line":99,"column":72}},"type":"cond-expr","locations":[{"start":{"line":99,"column":37},"end":{"line":99,"column":67}},{"start":{"line":99,"column":70},"end":{"line":99,"column":72}}],"line":99},"11":{"loc":{"start":{"line":99,"column":37},"end":{"line":99,"column":67}},"type":"binary-expr","locations":[{"start":{"line":99,"column":37},"end":{"line":99,"column":61}},{"start":{"line":99,"column":65},"end":{"line":99,"column":67}}],"line":99},"12":{"loc":{"start":{"line":100,"column":23},"end":{"line":100,"column":69}},"type":"cond-expr","locations":[{"start":{"line":100,"column":39},"end":{"line":100,"column":64}},{"start":{"line":100,"column":67},"end":{"line":100,"column":69}}],"line":100},"13":{"loc":{"start":{"line":100,"column":39},"end":{"line":100,"column":64}},"type":"binary-expr","locations":[{"start":{"line":100,"column":39},"end":{"line":100,"column":58}},{"start":{"line":100,"column":62},"end":{"line":100,"column":64}}],"line":100},"14":{"loc":{"start":{"line":104,"column":6},"end":{"line":114,"column":55}},"type":"binary-expr","locations":[{"start":{"line":104,"column":6},"end":{"line":104,"column":31}},{"start":{"line":105,"column":6},"end":{"line":105,"column":31}},{"start":{"line":106,"column":6},"end":{"line":106,"column":31}},{"start":{"line":107,"column":6},"end":{"line":107,"column":31}},{"start":{"line":108,"column":6},"end":{"line":108,"column":31}},{"start":{"line":109,"column":6},"end":{"line":109,"column":30}},{"start":{"line":110,"column":6},"end":{"line":110,"column":45}},{"start":{"line":111,"column":6},"end":{"line":111,"column":45}},{"start":{"line":112,"column":6},"end":{"line":112,"column":46}},{"start":{"line":113,"column":6},"end":{"line":113,"column":55}},{"start":{"line":114,"column":6},"end":{"line":114,"column":55}}],"line":104},"15":{"loc":{"start":{"line":116,"column":4},"end":{"line":119,"column":5}},"type":"if","locations":[{"start":{"line":116,"column":4},"end":{"line":119,"column":5}},{"start":{},"end":{}}],"line":116},"16":{"loc":{"start":{"line":121,"column":4},"end":{"line":176,"column":5}},"type":"if","locations":[{"start":{"line":121,"column":4},"end":{"line":176,"column":5}},{"start":{"line":166,"column":11},"end":{"line":176,"column":5}}],"line":121},"17":{"loc":{"start":{"line":124,"column":26},"end":{"line":124,"column":76}},"type":"binary-expr","locations":[{"start":{"line":124,"column":26},"end":{"line":124,"column":46}},{"start":{"line":124,"column":50},"end":{"line":124,"column":76}}],"line":124},"18":{"loc":{"start":{"line":126,"column":8},"end":{"line":126,"column":62}},"type":"binary-expr","locations":[{"start":{"line":126,"column":8},"end":{"line":126,"column":33}},{"start":{"line":126,"column":37},"end":{"line":126,"column":62}}],"line":126},"19":{"loc":{"start":{"line":130,"column":25},"end":{"line":130,"column":64}},"type":"cond-expr","locations":[{"start":{"line":130,"column":33},"end":{"line":130,"column":59}},{"start":{"line":130,"column":62},"end":{"line":130,"column":64}}],"line":130},"20":{"loc":{"start":{"line":135,"column":8},"end":{"line":143,"column":28}},"type":"binary-expr","locations":[{"start":{"line":135,"column":8},"end":{"line":135,"column":42}},{"start":{"line":136,"column":8},"end":{"line":136,"column":48}},{"start":{"line":137,"column":8},"end":{"line":137,"column":43}},{"start":{"line":138,"column":8},"end":{"line":138,"column":49}},{"start":{"line":139,"column":8},"end":{"line":139,"column":51}},{"start":{"line":140,"column":8},"end":{"line":140,"column":42}},{"start":{"line":141,"column":9},"end":{"line":141,"column":24}},{"start":{"line":142,"column":10},"end":{"line":143,"column":27}}],"line":135},"21":{"loc":{"start":{"line":146,"column":8},"end":{"line":149,"column":45}},"type":"binary-expr","locations":[{"start":{"line":146,"column":8},"end":{"line":146,"column":28}},{"start":{"line":147,"column":9},"end":{"line":147,"column":55}},{"start":{"line":148,"column":10},"end":{"line":148,"column":48}},{"start":{"line":149,"column":10},"end":{"line":149,"column":44}}],"line":146},"22":{"loc":{"start":{"line":151,"column":6},"end":{"line":160,"column":7}},"type":"if","locations":[{"start":{"line":151,"column":6},"end":{"line":160,"column":7}},{"start":{},"end":{}}],"line":151},"23":{"loc":{"start":{"line":152,"column":8},"end":{"line":157,"column":26}},"type":"binary-expr","locations":[{"start":{"line":152,"column":8},"end":{"line":152,"column":12}},{"start":{"line":153,"column":8},"end":{"line":153,"column":23}},{"start":{"line":154,"column":8},"end":{"line":154,"column":20}},{"start":{"line":155,"column":8},"end":{"line":155,"column":25}},{"start":{"line":156,"column":8},"end":{"line":156,"column":20}},{"start":{"line":157,"column":8},"end":{"line":157,"column":26}}],"line":152},"24":{"loc":{"start":{"line":163,"column":6},"end":{"line":165,"column":7}},"type":"if","locations":[{"start":{"line":163,"column":6},"end":{"line":165,"column":7}},{"start":{},"end":{}}],"line":163},"25":{"loc":{"start":{"line":168,"column":6},"end":{"line":173,"column":7}},"type":"if","locations":[{"start":{"line":168,"column":6},"end":{"line":173,"column":7}},{"start":{},"end":{}}],"line":168},"26":{"loc":{"start":{"line":169,"column":8},"end":{"line":171,"column":9}},"type":"if","locations":[{"start":{"line":169,"column":8},"end":{"line":171,"column":9}},{"start":{},"end":{}}],"line":169},"27":{"loc":{"start":{"line":169,"column":12},"end":{"line":169,"column":60}},"type":"binary-expr","locations":[{"start":{"line":169,"column":12},"end":{"line":169,"column":16}},{"start":{"line":169,"column":20},"end":{"line":169,"column":35}},{"start":{"line":169,"column":39},"end":{"line":169,"column":60}}],"line":169},"28":{"loc":{"start":{"line":175,"column":6},"end":{"line":175,"column":75}},"type":"if","locations":[{"start":{"line":175,"column":6},"end":{"line":175,"column":75}},{"start":{},"end":{}}],"line":175},"29":{"loc":{"start":{"line":175,"column":10},"end":{"line":175,"column":66}},"type":"binary-expr","locations":[{"start":{"line":175,"column":10},"end":{"line":175,"column":36}},{"start":{"line":175,"column":40},"end":{"line":175,"column":66}}],"line":175},"30":{"loc":{"start":{"line":178,"column":19},"end":{"line":178,"column":41}},"type":"binary-expr","locations":[{"start":{"line":178,"column":19},"end":{"line":178,"column":35}},{"start":{"line":178,"column":39},"end":{"line":178,"column":41}}],"line":178},"31":{"loc":{"start":{"line":181,"column":4},"end":{"line":207,"column":5}},"type":"if","locations":[{"start":{"line":181,"column":4},"end":{"line":207,"column":5}},{"start":{},"end":{}}],"line":181},"32":{"loc":{"start":{"line":181,"column":8},"end":{"line":181,"column":61}},"type":"binary-expr","locations":[{"start":{"line":181,"column":8},"end":{"line":181,"column":32}},{"start":{"line":181,"column":36},"end":{"line":181,"column":61}}],"line":181},"33":{"loc":{"start":{"line":183,"column":22},"end":{"line":185,"column":26}},"type":"cond-expr","locations":[{"start":{"line":184,"column":10},"end":{"line":184,"column":35}},{"start":{"line":185,"column":10},"end":{"line":185,"column":26}}],"line":183},"34":{"loc":{"start":{"line":189,"column":26},"end":{"line":189,"column":70}},"type":"cond-expr","locations":[{"start":{"line":189,"column":33},"end":{"line":189,"column":54}},{"start":{"line":189,"column":57},"end":{"line":189,"column":70}}],"line":189},"35":{"loc":{"start":{"line":210,"column":4},"end":{"line":247,"column":5}},"type":"if","locations":[{"start":{"line":210,"column":4},"end":{"line":247,"column":5}},{"start":{},"end":{}}],"line":210},"36":{"loc":{"start":{"line":210,"column":8},"end":{"line":210,"column":61}},"type":"binary-expr","locations":[{"start":{"line":210,"column":8},"end":{"line":210,"column":32}},{"start":{"line":210,"column":36},"end":{"line":210,"column":61}}],"line":210},"37":{"loc":{"start":{"line":212,"column":6},"end":{"line":212,"column":38}},"type":"if","locations":[{"start":{"line":212,"column":6},"end":{"line":212,"column":38}},{"start":{},"end":{}}],"line":212},"38":{"loc":{"start":{"line":225,"column":26},"end":{"line":225,"column":73}},"type":"cond-expr","locations":[{"start":{"line":225,"column":45},"end":{"line":225,"column":66}},{"start":{"line":225,"column":69},"end":{"line":225,"column":73}}],"line":225},"39":{"loc":{"start":{"line":226,"column":26},"end":{"line":230,"column":25}},"type":"cond-expr","locations":[{"start":{"line":227,"column":10},"end":{"line":227,"column":38}},{"start":{"line":228,"column":10},"end":{"line":230,"column":25}}],"line":226},"40":{"loc":{"start":{"line":228,"column":10},"end":{"line":230,"column":25}},"type":"cond-expr","locations":[{"start":{"line":229,"column":12},"end":{"line":229,"column":33}},{"start":{"line":230,"column":12},"end":{"line":230,"column":25}}],"line":228},"41":{"loc":{"start":{"line":238,"column":14},"end":{"line":238,"column":30}},"type":"binary-expr","locations":[{"start":{"line":238,"column":14},"end":{"line":238,"column":22}},{"start":{"line":238,"column":26},"end":{"line":238,"column":30}}],"line":238},"42":{"loc":{"start":{"line":253,"column":4},"end":{"line":328,"column":5}},"type":"if","locations":[{"start":{"line":253,"column":4},"end":{"line":328,"column":5}},{"start":{},"end":{}}],"line":253},"43":{"loc":{"start":{"line":253,"column":8},"end":{"line":253,"column":58}},"type":"binary-expr","locations":[{"start":{"line":253,"column":8},"end":{"line":253,"column":32}},{"start":{"line":253,"column":36},"end":{"line":253,"column":58}}],"line":253},"44":{"loc":{"start":{"line":258,"column":6},"end":{"line":258,"column":24}},"type":
[...]
69,"column":67}},"line":169},"6":{"name":"(anonymous_6)","decl":{"start":{"line":173,"column":4},"end":{"line":173,"column":5}},"loc":{"start":{"line":173,"column":11},"end":{"line":173,"column":63}},"line":173},"7":{"name":"(anonymous_7)","decl":{"start":{"line":178,"column":24},"end":{"line":178,"column":29}},"loc":{"start":{"line":178,"column":45},"end":{"line":189,"column":5}},"line":178}},"branchMap":{"0":{"loc":{"start":{"line":78,"column":13},"end":{"line":78,"column":37}},"type":"binary-expr","locations":[{"start":{"line":78,"column":13},"end":{"line":78,"column":31}},{"start":{"line":78,"column":35},"end":{"line":78,"column":37}}],"line":78},"1":{"loc":{"start":{"line":82,"column":4},"end":{"line":84,"column":42}},"type":"cond-expr","locations":[{"start":{"line":83,"column":8},"end":{"line":83,"column":80}},{"start":{"line":84,"column":8},"end":{"line":84,"column":42}}],"line":82},"2":{"loc":{"start":{"line":82,"column":4},"end":{"line":82,"column":47}},"type":"binary-expr","locations":[{"start":{"line":82,"column":4},"end":{"line":82,"column":18}},{"start":{"line":82,"column":22},"end":{"line":82,"column":47}}],"line":82},"3":{"loc":{"start":{"line":88,"column":4},"end":{"line":88,"column":75}},"type":"binary-expr","locations":[{"start":{"line":88,"column":4},"end":{"line":88,"column":15}},{"start":{"line":88,"column":19},"end":{"line":88,"column":31}},{"start":{"line":88,"column":35},"end":{"line":88,"column":75}}],"line":88},"4":{"loc":{"start":{"line":98,"column":2},"end":{"line":98,"column":48}},"type":"cond-expr","locations":[{"start":{"line":98,"column":18},"end":{"line":98,"column":43}},{"start":{"line":98,"column":46},"end":{"line":98,"column":48}}],"line":98},"5":{"loc":{"start":{"line":99,"column":9},"end":{"line":99,"column":44}},"type":"binary-expr","locations":[{"start":{"line":99,"column":9},"end":{"line":99,"column":21}},{"start":{"line":99,"column":25},"end":{"line":99,"column":44}}],"line":99},"6":{"loc":{"start":{"line":123,"column":2},"end":{"line":125,"column":3}},"type":"if","locations":[{"start":{"line":123,"column":2},"end":{"line":125,"column":3}},{"start":{},"end":{}}],"line":123},"7":{"loc":{"start":{"line":128,"column":2},"end":{"line":130,"column":3}},"type":"if","locations":[{"start":{"line":128,"column":2},"end":{"line":130,"column":3}},{"start":{},"end":{}}],"line":128},"8":{"loc":{"start":{"line":128,"column":6},"end":{"line":128,"column":49}},"type":"binary-expr","locations":[{"start":{"line":128,"column":6},"end":{"line":128,"column":19}},{"start":{"line":128,"column":23},"end":{"line":128,"column":49}}],"line":128},"9":{"loc":{"start":{"line":134,"column":2},"end":{"line":136,"column":3}},"type":"if","locations":[{"start":{"line":134,"column":2},"end":{"line":136,"column":3}},{"start":{},"end":{}}],"line":134},"10":{"loc":{"start":{"line":143,"column":21},"end":{"line":143,"column":62}},"type":"cond-expr","locations":[{"start":{"line":143,"column":48},"end":{"line":143,"column":57}},{"start":{"line":143,"column":60},"end":{"line":143,"column":62}}],"line":143},"11":{"loc":{"start":{"line":147,"column":11},"end":{"line":147,"column":66}},"type":"binary-expr","locations":[{"start":{"line":147,"column":11},"end":{"line":147,"column":43}},{"start":{"line":147,"column":47},"end":{"line":147,"column":66}}],"line":147},"12":{"loc":{"start":{"line":173,"column":11},"end":{"line":173,"column":63}},"type":"binary-expr","locations":[{"start":{"line":173,"column":11},"end":{"line":173,"column":27}},{"start":{"line":173,"column":31},"end":{"line":173,"column":63}}],"line":173},"13":{"loc":{"start":{"line":187,"column":14},"end":{"line":187,"column":39}},"type":"binary-expr","locations":[{"start":{"line":187,"column":14},"end":{"line":187,"column":28}},{"start":{"line":187,"column":32},"end":{"line":187,"column":39}}],"line":187}},"s":{"0":3,"1":3,"2":0,"3":0,"4":0,"5":0,"6":0,"7":0,"8":0,"9":3,"10":0,"11":0,"12":0,"13":0,"14":0,"15":0,"16":0,"17":0,"18":0,"19":0,"20":0,"21":0,"22":0,"23":0,"24":0,"25":0,"26":0,"27":0,"28":0,"29":0,"30":0,"31":0,"32":0,"33":0,"34":0},"f":{"0":0,"1":0,"2":0,"3":0,"4":0,"5":0,"6":0,"7":0},"b":{"0":[0,0],"1":[0,0],"2":[0,0],"3":[0,0,0],"4":[0,0],"5":[0,0],"6":[0,0],"7":[0,0],"8":[0,0],"9":[0,0],"10":[0,0],"11":[0,0],"12":[0,0],"13":[0,0]},"meta":{"lastBranch":14,"lastFunction":8,"lastStatement":35,"seen":{"s:8:22:69:2":0,"s:77:24:102:1":1,"f:77:24:77:25":0,"s:78:13:78:37":2,"b:78:13:78:31:78:35:78:37":0,"s:82:4:84:42":3,"b:83:8:83:80:84:8:84:42":1,"b:82:4:82:18:82:22:82:47":2,"f:83:27:83:28":1,"s:83:34:83:68":4,"s:88:4:88:75":5,"b:88:4:88:15:88:19:88:31:88:35:88:75":3,"s:90:24:94:19":6,"s:96:23:99:46":7,"b:98:18:98:43:98:46:98:48":4,"b:99:9:99:21:99:25:99:44":5,"s:101:2:101:47":8,"s:120:30:203:1":9,"f:120:30:120:35":2,"s:122:18:122:51":10,"b:123:2:125:3:undefined:undefined:undefined:undefined":6,"s:123:2:125:3":11,"s:124:4:124:55":12,"b:128:2:130:3:undefined:undefined:undefined:undefined":7,"s:128:2:130:3":13,"b:128:6:128:19:128:23:128:49":8,"s:129:4:129:63":14,"s:133:14:133:47":15,"b:134:2:136:3:undefined:undefined:undefined:undefined":9,"s:134:2:136:3":16,"s:135:4:135:63":17,"s:139:21:139:50":18,"s:140:20:140:61":19,"s:143:21:143:62":20,"b:143:48:143:57:143:60:143:62":10,"s:146:20:148:3":21,"f:147:4:147:5":3,"s:147:11:147:66":22,"b:147:11:147:43:147:47:147:66":11,"s:152:27:165:3":23,"s:167:24:170:3":24,"f:167:24:167:25":4,"s:168:18:168:36":25,"s:169:4:169:69":26,"f:169:33:169:34":5,"s:169:45:169:67":27,"s:172:26:174:3":28,"f:173:4:173:5":6,"s:173:11:173:63":29,"b:173:11:173:27:173:31:173:63":12,"s:177:27:190:3":30,"f:178:24:178:29":7,"s:179:24:184:7":31,"s:185:6:188:8":32,"b:187:14:187:28:187:32:187:39":13,"s:193:2:196:4":33,"s:198:2:202:4":34}}}
,"C:\\Disk.D\\projectForFun\\Bootcamp_2026\\New_repo_mono_low\\low-analysis\\backend\\src\\services\\subjectRepository.js": {"path":"C:\\Disk.D\\projectForFun\\Bootcamp_2026\\New_repo_mono_low\\low-analysis\\backend\\src\\services\\subjectRepository.js","statementMap":{"0":{"start":{"line":12,"column":35},"end":{"line":70,"column":1}},"1":{"start":{"line":19,"column":25},"end":{"line":22,"column":18}},"2":{"start":{"line":24,"column":23},"end":{"line":26,"column":8}},"3":{"start":{"line":25,"column":25},"end":{"line":25,"column":47}},"4":{"start":{"line":28,"column":19},"end":{"line":30,"column":4}},"5":{"start":{"line":32,"column":2},"end":{"line":46,"column":3}},"6":{"start":{"line":33,"column":24},"end":{"line":33,"column":26}},"7":{"start":{"line":34,"column":4},"end":{"line":36,"column":5}},"8":{"start":{"line":35,"column":6},"end":{"line":35,"column":67}},"9":{"start":{"line":38,"column":4},"end":{"line":40,"column":5}},"10":{"start":{"line":39,"column":6},"end":{"line":39,"column":41}},"11":{"start":{"line":42,"column":4},"end":{"line":44,"column":5}},"12":{"start":{"line":43,"column":6},"end":{"line":43,"column":66}},"13":{"start":{"line":45,"column":4},"end":{"line":45,"column":24}},"14":{"start":{"line":48,"column":2},"end":{"line":69,"column":3}},"15":{"start":{"line":49,"column":20},"end":{"line":54,"column":6}},"16":{"start":{"line":55,"column":4},"end":{"line":55,"column":23}},"17":{"start":{"line":60,"column":4},"end":{"line":67,"column":5}},"18":{"start":{"line":61,"column":33},"end":{"line":63,"column":8}},"19":{"start":{"line":64,"column":6},"end":{"line":66,"column":7}},"20":{"start":{"line":65,"column":8},"end":{"line":65,"column":38}},"21":{"start":{"line":68,"column":4},"end":{"line":68,"column":16}},"22":{"start":{"line":77,"column":24},"end":{"line":82,"column":1}},"23":{"start":{"line":78,"column":2},"end":{"line":81,"column":4}},"24":{"start":{"line":88,"column":30},"end":{"line":90,"column":1}},"25":{"start":{"line":89,"column":2},"end":{"line":89,"column":73}},"26":{"start":{"line":97,"column":30},"end":{"line":99,"column":1}},"27":{"start":{"line":98,"column":2},"end":{"line":98,"column":51}}},"fnMap":{"0":{"name":"(anonymous_0)","decl":{"start":{"line":12,"column":35},"end":{"line":12,"column":40}},"loc":{"start":{"line":17,"column":5},"end":{"line":70,"column":1}},"line":17},"1":{"name":"(anonymous_1)","decl":{"start":{"line":25,"column":18},"end":{"line":25,"column":19}},"loc":{"start":{"line":25,"column":25},"end":{"line":25,"column":47}},"line":25},"2":{"name":"(anonymous_2)","decl":{"start":{"line":77,"column":24},"end":{"line":77,"column":29}},"loc":{"start":{"line":77,"column":52},"end":{"line":82,"column":1}},"line":77},"3":{"name":"(anonymous_3)","decl":{"start":{"line":88,"column":30},"end":{"line":88,"column":35}},"loc":{"start":{"line":88,"column":42},"end":{"line":90,"column":1}},"line":88},"4":{"name":"(anonymous_4)","decl":{"start":{"line":97,"column":30},"end":{"line":97,"column":35}},"loc":{"start":{"line":97,"column":44},"end":{"line":99,"column":1}},"line":97}},"branchMap":{"0":{"loc":{"start":{"line":14,"column":2},"end":{"line":14,"column":23}},"type":"default-arg","locations":[{"start":{"line":14,"column":16},"end":{"line":14,"column":23}}],"line":14},"1":{"loc":{"start":{"line":15,"column":2},"end":{"line":15,"column":14}},"type":"default-arg","locations":[{"start":{"line":15,"column":12},"end":{"line":15,"column":14}}],"line":15},"2":{"loc":{"start":{"line":16,"column":2},"end":{"line":16,"column":20}},"type":"default-arg","locations":[{"start":{"line":16,"column":16},"end":{"line":16,"column":20}}],"line":16},"3":{"loc":{"start":{"line":24,"column":23},"end":{"line":26,"column":8}},"type":"cond-expr","locations":[{"start":{"line":25,"column":6},"end":{"line":25,"column":64}},{"start":{"line":26,"column":6},"end":{"line":26,"column":8}}],"line":24},"4":{"loc":{"start":{"line":32,"column":2},"end":{"line":46,"column":3}},"type":"if","locations":[{"start":{"line":32,"column":2},"end":{"line":46,"column":3}},{"start":{},"end":{}}],"line":32},"5":{"loc":{"start":{"line":34,"column":4},"end":{"line":36,"column":5}},"type":"if","locations":[{"start":{"line":34,"column":4},"end":{"line":36,"column":5}},{"start":{},"end":{}}],"line":34},"6":{"loc":{"start":{"line":38,"column":4},"end":{"line":40,"column":5}},"type":"if","locations":[{"start":{"line":38,"column":4},"end":{"line":40,"column":5}},{"start":{},"end":{}}],"line":38},"7":{"loc":{"start":{"line":38,"column":8},"end":{"line":38,"column":44}},"type":"binary-expr","locations":[{"start":{"line":38,"column":8},"end":{"line":38,"column":19}},{"start":{"line":38,"column":23},"end":{"line":38,"column":44}}],"line":38},"8":{"loc":{"start":{"line":42,"column":4},"end":{"line":44,"column":5}},"type":"if","locations":[{"start":{"line":42,"column":4},"end":{"line":44,"column":5}},{"start":{},"end":{}}],"line":42},"9":{"loc":{"start":{"line":60,"column":4},"end":{"line":67,"column":5}},"type":"if","locations":[{"start":{"line":60,"column":4},"end":{"line":67,"column":5}},{"start":{},"end":{}}],"line":60},"10":{"loc":{"start":{"line":64,"column":6},"end":{"line":66,"column":7}},"type":"if","locations":[{"start":{"line":64,"column":6},"end":{"line":66,"column":7}},{"start":{},"end":{}}],"line":64}},"s":{"0":3,"1":0,"2":0,"3":0,"4":0,"5":0,"6":0,"7":0,"8":0,"9":0,"10":0,"11":0,"12":0,"13":0,"14":0,"15":0,"16":0,"17":0,"18":0,"19":0,"20":0,"21":0,"22":3,"23":0,"24":3,"25":0,"26":3,"27":0},"f":{"0":0,"1":0,"2":0,"3":0,"4":0},"b":{"0":[0],"1":[0],"2":[0],"3":[0,0],"4":[0,0],"5":[0,0],"6":[0,0],"7":[0,0],"8":[0,0],"9":[0,0],"10":[0,0]},"meta":{"lastBranch":11,"lastFunction":5,"lastStatement":28,"seen":{"s:12:35:70:1":0,"f:12:35:12:40":0,"b:14:16:14:23":0,"b:15:12:15:14":1,"b:16:16:16:20":2,"s:19:25:22:18":1,"s:24:23:26:8":2,"b:25:6:25:64:26:6:26:8":3,"f:25:18:25:19":1,"s:25:25:25:47":3,"s:28:19:30:4":4,"b:32:2:46:3:undefined:undefined:undefined:undefined":4,"s:32:2:46:3":5,"s:33:24:33:26":6,"b:34:4:36:5:undefined:undefined:undefined:undefined":5,"s:34:4:36:5":7,"s:35:6:35:67":8,"b:38:4:40:5:undefined:undefined:undefined:undefined":6,"s:38:4:40:5":9,"b:38:8:38:19:38:23:38:44":7,"s:39:6:39:41":10,"b:42:4:44:5:undefined:undefined:undefined:undefined":8,"s:42:4:44:5":11,"s:43:6:43:66":12,"s:45:4:45:24":13,"s:48:2:69:3":14,"s:49:20:54:6":15,"s:55:4:55:23":16,"b:60:4:67:5:undefined:undefined:undefined:undefined":9,"s:60:4:67:5":17,"s:61:33:63:8":18,"b:64:6:66:7:undefined:undefined:undefined:undefined":10,"s:64:6:66:7":19,"s:65:8:65:38":20,"s:68:4:68:16":21,"s:77:24:82:1":22,"f:77:24:77:29":2,"s:78:2:81:4":23,"s:88:30:90:1":24,"f:88:30:88:35":3,"s:89:2:89:73":25,"s:97:30:99:1":26,"f:97:30:97:35":4,"s:98:2:98:51":27}}}
,"C:\\Disk.D\\projectForFun\\Bootcamp_2026\\New_repo_mono_low\\low-analysis\\backend\\src\\services\\subjectService.js": {"path":"C:\\Disk.D\\projectForFun\\Bootcamp_2026\\New_repo_mono_low\\low-analysis\\backend\\src\\services\\subjectService.js","statementMap":{"0":{"start":{"line":6,"column":30},"end":{"line":8,"column":1}},"1":{"start":{"line":7,"column":2},"end":{"line":7,"column":null}},"2":{"start":{"line":10,"column":30},"end":{"line":12,"column":1}},"3":{"start":{"line":11,"column":2},"end":{"line":11,"column":null}},"4":{"start":{"line":18,"column":34},"end":{"line":27,"column":1}},"5":{"start":{"line":19,"column":18},"end":{"line":19,"column":66}},"6":{"start":{"line":20,"column":2},"end":{"line":20,"column":null}},"7":{"start":{"line":20,"column":16},"end":{"line":20,"column":null}},"8":{"start":{"line":22,"column":19},"end":{"line":24,"column":33}},"9":{"start":{"line":26,"column":2},"end":{"line":26,"column":null}}},"fnMap":{"0":{"name":"(anonymous_0)","decl":{"start":{"line":6,"column":30},"end":{"line":6,"column":35}},"loc":{"start":{"line":6,"column":42},"end":{"line":8,"column":1}},"line":6},"1":{"name":"(anonymous_1)","decl":{"start":{"line":10,"column":30},"end":{"line":10,"column":35}},"loc":{"start":{"line":10,"column":44},"end":{"line":12,"column":1}},"line":10},"2":{"name":"(anonymous_2)","decl":{"start":{"line":18,"column":34},"end":{"line":18,"column":39}},"loc":{"start":{"line":18,"column":55},"end":{"line":27,"column":1}},"line":18}},"branchMap":{"0":{"loc":{"start":{"line":20,"column":2},"end":{"line":20,"column":null}},"type":"if","locations":[{"start":{"line":20,"column":2},"end":{"line":20,"column":null}},{"start":{},"end":{}}],"line":20}},"s":{"0":2,"1":0,"2":2,"3":0,"4":2,"5":0,"6":0,"7":0,"8":0,"9":0},"f":{"0":0,"1":0,"2":0},"b":{"0":[0,0]},"meta":{"lastBranch":1,"lastFunction":3,"lastStatement":10,"seen":{"s:6:30:8:1":0,"f:6:30:6:35":0,"s:7:2:7:Infinity":1,"s:10:30:12:1":2,"f:10:30:10:35":1,"s:11:2:11:Infinity":3,"s:18:34:27:1":4,"f:18:34:18:39":2,"s:19:18:19:66":5,"b:20:2:20:Infinity:undefined:undefined:undefined:undefined":0,"s:20:2:20:Infinity":6,"s:20:16:20:Infinity":7,"s:22:19:24:33":8,"s:26:2:26:Infinity":9}}}
,"C:\\Disk.D\\projectForFun\\Bootcamp_2026\\New_repo_mono_low\\low-analysis\\backend\\src\\swagger\\config.js": {"path":"C:\\Disk.D\\projectForFun\\Bootcamp_2026\\New_repo_mono_low\\low-analysis\\backend\\src\\swagger\\config.js","statementMap":{"0":{"start":{"line":3,"column":33},"end":{"line":80,"column":1}},"1":{"start":{"line":82,"column":30},"end":{"line":85,"column":1}},"2":{"start":{"line":87,"column":32},"end":{"line":199,"column":1}},"3":{"start":{"line":201,"column":31},"end":{"line":216,"column":1}}},"fnMap":{},"branchMap":{},"s":{"0":3,"1":3,"2":3,"3":3},"f":{},"b":{},"meta":{"lastBranch":0,"lastFunction":0,"lastStatement":4,"seen":{"s:3:33:80:1":0,"s:82:30:85:1":1,"s:87:32:199:1":2,"s:201:31:216:1":3}}}
,"C:\\Disk.D\\projectForFun\\Bootcamp_2026\\New_repo_mono_low\\low-analysis\\backend\\src\\swagger\\schemas.js": {"path":"C:\\Disk.D\\projectForFun\\Bootcamp_2026\\New_repo_mono_low\\low-analysis\\backend\\src\\swagger\\schemas.js","statementMap":{"0":{"start":{"line":1,"column":23},"end":{"line":332,"column":1}}},"fnMap":{},"branchMap":{},"s":{"0":3},"f":{},"b":{},"meta":{"lastBranch":0,"lastFunction":0,"lastStatement":1,"seen":{"s:1:23:332:1":0}}}
,"C:\\Disk.D\\projectForFun\\Bootcamp_2026\\New_repo_mono_low\\low-analysis\\backend\\src\\utils\\definitionExtractor.js": {"path":"C:\\Disk.D\\projectForFun\\Bootcamp_2026\\New_repo_mono_low\\low-analysis\\backend\\src\\utils\\definitionExtractor.js","statementMap":{"0":{"start":{"line":5,"column":34},"end":{"line":46,"column":1}},"1":{"start":{"line":6,"column":22},"end":{"line":6,"column":24}},"2":{"start":{"line":7,"column":29},"end":{"line":12,"column":3}},"3":{"start":{"line":9,"column":6},"end":{"line":11,"column":13}},"4":{"start":{"line":14,"column":2},"end":{"line":44,"column":3}},"5":{"start":{"line":15,"column":15},"end":{"line":15,"column":70}},"6":{"start":{"line":18,"column":4},"end":{"line":21,"column":7}},"7":{"start":{"line":19,"column":30},"end":{"line":19,"column":67}},"8":{"start":{"line":20,"column":6},"end":{"line":20,"column":36}},"9":{"start":{"line":25,"column":16},"end":{"line":27,"column":5}},"10":{"start":{"line":30,"column":4},"end":{"line":34,"column":5}},"11":{"start":{"line":31,"column":6},"end":{"line":33,"column":8}},"12":{"start":{"line":36,"column":4},"end":{"line":43,"column":5}},"13":{"start":{"line":37,"column":17},"end":{"line":37,"column":58}},"14":{"start":{"line":38,"column":23},"end":{"line":38,"column":64}},"15":{"start":{"line":40,"column":6},"end":{"line":42,"column":7}},"16":{"start":{"line":41,"column":8},"end":{"line":41,"column":47}},"17":{"start":{"line":45,"column":2},"end":{"line":45,"column":21}}},"fnMap":{"0":{"name":"(anonymous_0)","decl":{"start":{"line":5,"column":34},"end":{"line":5,"column":35}},"loc":{"start":{"line":5,"column":48},"end":{"line":46,"column":1}},"line":5},"1":{"name":"(anonymous_1)","decl":{"start":{"line":8,"column":4},"end":{"line":8,"column":5}},"loc":{"start":{"line":9,"column":6},"end":{"line":11,"column":13}},"line":9},"2":{"name":"(anonymous_2)","decl":{"start":{"line":18,"column":40},"end":{"line":18,"column":41}},"loc":{"start":{"line":18,"column":60},"end":{"line":21,"column":5}},"line":18}},"branchMap":{"0":{"loc":{"start":{"line":9,"column":6},"end":{"line":11,"column":13}},"type":"binary-expr","locations":[{"start":{"line":9,"column":6},"end":{"line":9,"column":13}},{"start":{"line":10,"column":7},"end":{"line":10,"column":32}},{"start":{"line":10,"column":36},"end":{"line":10,"column":61}},{"start":{"line":11,"column":6},"end":{"line":11,"column":13}}],"line":9},"1":{"loc":{"start":{"line":30,"column":4},"end":{"line":34,"column":5}},"type":"if","locations":[{"start":{"line":30,"column":4},"end":{"line":34,"column":5}},{"start":{},"end":{}}],"line":30},"2":{"loc":{"start":{"line":36,"column":4},"end":{"line":43,"column":5}},"type":"if","locations":[{"start":{"line":36,"column":4},"end":{"line":43,"column":5}},{"start":{},"end":{}}],"line":36},"3":{"loc":{"start":{"line":40,"column":6},"end":{"line":42,"column":7}},"type":"if","locations":[{"start":{"line":40,"column":6},"end":{"line":42,"column":7}},{"start":{},"end":{}}],"line":40},"4":{"loc":{"start":{"line":40,"column":10},"end":{"line":40,"column":49}},"type":"binary-expr","locations":[{"start":{"line":40,"column":10},"end":{"line":40,"column":14}},{"start":{"line":40,"column":18},"end":{"line":40,"column":28}},{"start":{"line":40,"column":32},"end":{"line":40,"column":49}}],"line":40}},"s":{"0":5,"1":7,"2":7,"3":13,"4":7,"5":6,"6":6,"7":1,"8":1,"9":6,"10":6,"11":6,"12":6,"13":2,"14":2,"15":2,"16":2,"17":7},"f":{"0":7,"1":13,"2":1},"b":{"0":[13,13,7,6],"1":[6,0],"2":[2,4],"3":[2,0],"4":[2,2,2]},"meta":{"lastBranch":5,"lastFunction":3,"lastStatement":18,"seen":{"s:5:34:46:1":0,"f:5:34:5:35":0,"s:6:22:6:24":1,"s:7:29:12:3":2,"f:8:4:8:5":1,"s:9:6:11:13":3,"b:9:6:9:13:10:7:10:32:10:36:10:61:11:6:11:13":0,"s:14:2:44:3":4,"s:15:15:15:70":5,"s:18:4:21:7":6,"f:18:40:18:41":2,"s:19:30:19:67":7,"s:20:6:20:36":8,"s:25:16:27:5":9,"b:30:4:34:5:undefined:undefined:undefined:undefined":1,"s:30:4:34:5":10,"s:31:6:33:8":11,"b:36:4:43:5:undefined:undefined:undefined:undefined":2,"s:36:4:43:5":12,"s:37:17:37:58":13,"s:38:23:38:64":14,"b:40:6:42:7:undefined:undefined:undefined:undefined":3,"s:40:6:42:7":15,"b:40:10:40:14:40:18:40:28:40:32:40:49":4,"s:41:8:41:47":16,"s:45:2:45:21":17}}}
}
